{"error":"http: named cookie not present","event_id":"70b533bc-54b8-4d99-bdcf-184507af2d80","level":"warning","msg":"No token found in cookie","source":"user-server","time":"2024-11-28T22:01:17Z","timestamp":"2024-11-28T22:01:17Z"}
{"error":"http: named cookie not present","event_id":"12f7b19c-d583-4595-b950-7cf00361e7e6","level":"warning","msg":"No token found in cookie","source":"user-server","time":"2024-11-28T22:01:18Z","timestamp":"2024-11-28T22:01:18Z"}
{"event_id":"5781d956-9dec-4bf2-82a1-a19c36c10a55","level":"info","msg":"Processing login request","source":"user-server","time":"2024-11-28T22:01:36Z","timestamp":"2024-11-28T22:01:36Z"}
{"event_id":"14ed7e7f-96cd-4058-a073-1b6c9f9fd946","level":"info","msg":"Login request decoded successfully","source":"user-server","time":"2024-11-28T22:01:36Z","timestamp":"2024-11-28T22:01:36Z"}
{"event_id":"5cce6e0d-2366-449b-bf9c-2d90ee43835e","level":"info","msg":"reCAPTCHA verified successfully","source":"user-server","time":"2024-11-28T22:01:36Z","timestamp":"2024-11-28T22:01:36Z"}
{"event_id":"148e3ad0-f16d-410a-9edd-73f3fe5cd3b0","level":"info","msg":"Login successful","role":"manager","source":"user-server","time":"2024-11-28T22:01:36Z","timestamp":"2024-11-28T22:01:36Z","user_id":"67387b4e581c16b0358eca33"}
{"event_id":"d7fe25ed-78a0-47e3-a3f1-36a33e1f5a44","level":"info","msg":"Authentication token set in cookie","source":"user-server","time":"2024-11-28T22:01:36Z","timestamp":"2024-11-28T22:01:36Z","token":"auth_token_set"}
{"event_id":"1e3164cc-d493-4281-bedd-c40410de40aa","level":"info","msg":"Login response sent successfully","source":"user-server","time":"2024-11-28T22:01:36Z","timestamp":"2024-11-28T22:01:36Z"}
{"event_id":"d78c233e-e203-40c7-b791-13bc74e0730c","level":"info","msg":"Token retrieved from cookie","source":"user-server","time":"2024-11-28T22:01:36Z","timestamp":"2024-11-28T22:01:36Z","token":"eyJhbGciOiJIUzI1NiIsInR5cCI6IkpXVCJ9.eyJlbWFpbCI6InRlc3QudGVzdGljMTEyMjMzQGdtYWlsLmNvbSIsImV4cCI6MTczMjgzODQ5Niwicm9sZSI6Im1hbmFnZXIiLCJ1c2VyX2lkIjoiNjczODdiNGU1ODFjMTZiMDM1OGVjYTMzIn0.NoVvwphbeKuOpfQOdHCfhhe0A8IVwxKEGRO-eeI_XVE"}
{"event_id":"c91565b4-c050-4eff-8884-e1a543aaefb0","level":"info","msg":"Token validated successfully mankiiiiiiiiiiii","role":"manager","source":"user-server","time":"2024-11-28T22:01:36Z","timestamp":"2024-11-28T22:01:36Z","user_id":"67387b4e581c16b0358eca33"}
{"event_id":"41be0a79-71e8-46e2-94e1-5091331657cc","level":"info","msg":"Token retrieved from cookie","source":"user-server","time":"2024-11-28T22:01:42Z","timestamp":"2024-11-28T22:01:42Z","token":"eyJhbGciOiJIUzI1NiIsInR5cCI6IkpXVCJ9.eyJlbWFpbCI6InRlc3QudGVzdGljMTEyMjMzQGdtYWlsLmNvbSIsImV4cCI6MTczMjgzODQ5Niwicm9sZSI6Im1hbmFnZXIiLCJ1c2VyX2lkIjoiNjczODdiNGU1ODFjMTZiMDM1OGVjYTMzIn0.NoVvwphbeKuOpfQOdHCfhhe0A8IVwxKEGRO-eeI_XVE"}
{"event_id":"38ec8e90-a407-4f13-95b3-1455b39c54cc","level":"info","msg":"Token validated successfully mankiiiiiiiiiiii","role":"manager","source":"user-server","time":"2024-11-28T22:01:42Z","timestamp":"2024-11-28T22:01:42Z","user_id":"67387b4e581c16b0358eca33"}
{"event_id":"33bda2bd-554b-43a3-b6d7-d82f627da5cc","level":"info","msg":"Token retrieved from cookie","source":"user-server","time":"2024-11-28T22:01:42Z","timestamp":"2024-11-28T22:01:42Z","token":"eyJhbGciOiJIUzI1NiIsInR5cCI6IkpXVCJ9.eyJlbWFpbCI6InRlc3QudGVzdGljMTEyMjMzQGdtYWlsLmNvbSIsImV4cCI6MTczMjgzODQ5Niwicm9sZSI6Im1hbmFnZXIiLCJ1c2VyX2lkIjoiNjczODdiNGU1ODFjMTZiMDM1OGVjYTMzIn0.NoVvwphbeKuOpfQOdHCfhhe0A8IVwxKEGRO-eeI_XVE"}
{"event_id":"ee52f5b1-f0f0-41cb-85ab-3d8522a4f748","level":"info","msg":"Token validated successfully mankiiiiiiiiiiii","role":"manager","source":"user-server","time":"2024-11-28T22:01:42Z","timestamp":"2024-11-28T22:01:42Z","user_id":"67387b4e581c16b0358eca33"}
{"event_id":"440e00e2-5206-44cc-85fb-f7b15699ccf3","level":"info","msg":"Token retrieved from cookie","source":"user-server","time":"2024-11-28T22:01:42Z","timestamp":"2024-11-28T22:01:42Z","token":"eyJhbGciOiJIUzI1NiIsInR5cCI6IkpXVCJ9.eyJlbWFpbCI6InRlc3QudGVzdGljMTEyMjMzQGdtYWlsLmNvbSIsImV4cCI6MTczMjgzODQ5Niwicm9sZSI6Im1hbmFnZXIiLCJ1c2VyX2lkIjoiNjczODdiNGU1ODFjMTZiMDM1OGVjYTMzIn0.NoVvwphbeKuOpfQOdHCfhhe0A8IVwxKEGRO-eeI_XVE"}
{"event_id":"97a650b7-88c2-409b-a3fa-b6d5d26c4928","level":"info","msg":"Token validated successfully mankiiiiiiiiiiii","role":"manager","source":"user-server","time":"2024-11-28T22:01:42Z","timestamp":"2024-11-28T22:01:42Z","user_id":"67387b4e581c16b0358eca33"}
{"event_id":"eeb16891-1b65-41f3-8982-d03eb9f1539b","level":"info","msg":"Token retrieved from cookie","source":"user-server","time":"2024-11-28T22:01:42Z","timestamp":"2024-11-28T22:01:42Z","token":"eyJhbGciOiJIUzI1NiIsInR5cCI6IkpXVCJ9.eyJlbWFpbCI6InRlc3QudGVzdGljMTEyMjMzQGdtYWlsLmNvbSIsImV4cCI6MTczMjgzODQ5Niwicm9sZSI6Im1hbmFnZXIiLCJ1c2VyX2lkIjoiNjczODdiNGU1ODFjMTZiMDM1OGVjYTMzIn0.NoVvwphbeKuOpfQOdHCfhhe0A8IVwxKEGRO-eeI_XVE"}
{"event_id":"80af85d1-58b9-4acc-8ab4-32f6beebee51","level":"info","msg":"Token validated successfully mankiiiiiiiiiiii","role":"manager","source":"user-server","time":"2024-11-28T22:01:42Z","timestamp":"2024-11-28T22:01:42Z","user_id":"67387b4e581c16b0358eca33"}
{"event_id":"c630381d-17ab-4117-b205-202b774982a2","level":"info","msg":"Token retrieved from cookie","source":"user-server","time":"2024-11-28T22:01:42Z","timestamp":"2024-11-28T22:01:42Z","token":"eyJhbGciOiJIUzI1NiIsInR5cCI6IkpXVCJ9.eyJlbWFpbCI6InRlc3QudGVzdGljMTEyMjMzQGdtYWlsLmNvbSIsImV4cCI6MTczMjgzODQ5Niwicm9sZSI6Im1hbmFnZXIiLCJ1c2VyX2lkIjoiNjczODdiNGU1ODFjMTZiMDM1OGVjYTMzIn0.NoVvwphbeKuOpfQOdHCfhhe0A8IVwxKEGRO-eeI_XVE"}
{"event_id":"9993a4af-4738-4dfd-9451-6d71a5809519","level":"info","msg":"Token validated successfully mankiiiiiiiiiiii","role":"manager","source":"user-server","time":"2024-11-28T22:01:42Z","timestamp":"2024-11-28T22:01:42Z","user_id":"67387b4e581c16b0358eca33"}
{"event_id":"fb8e1f3c-e69e-4461-8bd0-e643deff7e30","level":"info","msg":"Token retrieved from cookie","source":"user-server","time":"2024-11-28T22:01:45Z","timestamp":"2024-11-28T22:01:45Z","token":"eyJhbGciOiJIUzI1NiIsInR5cCI6IkpXVCJ9.eyJlbWFpbCI6InRlc3QudGVzdGljMTEyMjMzQGdtYWlsLmNvbSIsImV4cCI6MTczMjgzODQ5Niwicm9sZSI6Im1hbmFnZXIiLCJ1c2VyX2lkIjoiNjczODdiNGU1ODFjMTZiMDM1OGVjYTMzIn0.NoVvwphbeKuOpfQOdHCfhhe0A8IVwxKEGRO-eeI_XVE"}
{"event_id":"42306010-e6e1-4ce1-a048-8219bb67749b","level":"info","msg":"Token validated successfully mankiiiiiiiiiiii","role":"manager","source":"user-server","time":"2024-11-28T22:01:45Z","timestamp":"2024-11-28T22:01:45Z","user_id":"67387b4e581c16b0358eca33"}
