{"event_id":"954a5437-4644-4c8d-b988-4cefeb07ade9","level":"info","msg":"Processing request for user ID","role":"manager","source":"project-server","time":"2024-11-25T21:09:51Z","timestamp":"2024-11-25T21:09:51Z","user_id":"67411ded8c20cc34ca06caa7"}
{"event_id":"c067997c-67c7-4365-baa2-13d3a3bf3991","level":"info","msg":"Fetching projects for manager","role":"manager","source":"project-server","time":"2024-11-25T21:09:51Z","timestamp":"2024-11-25T21:09:51Z","user_id":"67411ded8c20cc34ca06caa7"}
{"event_id":"49bcbdcc-1392-4dc6-a076-b74a8014b78d","level":"info","msg":"Successfully fetched projects for user","role":"manager","source":"project-server","time":"2024-11-25T21:09:51Z","timestamp":"2024-11-25T21:09:51Z","user_id":"67411ded8c20cc34ca06caa7"}
{"event_id":"769ac4bb-2a89-4ee2-850c-a6f4646d3174","level":"info","msg":"Processing request for user ID","role":"manager","source":"project-server","time":"2024-11-25T21:09:51Z","timestamp":"2024-11-25T21:09:51Z","user_id":"67411ded8c20cc34ca06caa7"}
{"event_id":"d34426a4-e2c9-42c4-96cc-25140c115714","level":"info","msg":"Fetching projects for manager","role":"manager","source":"project-server","time":"2024-11-25T21:09:51Z","timestamp":"2024-11-25T21:09:51Z","user_id":"67411ded8c20cc34ca06caa7"}
{"event_id":"580b60e0-5f37-418d-9e0f-1c49532350cc","level":"info","msg":"Successfully fetched projects for user","role":"manager","source":"project-server","time":"2024-11-25T21:09:51Z","timestamp":"2024-11-25T21:09:51Z","user_id":"67411ded8c20cc34ca06caa7"}
{"event_id":"48b39ef0-d13a-4cd1-9af3-3f71f7d18c80","level":"info","msg":"Fetching project by ID","project_id":"6744c9662a7f1c8ef529081d","source":"project-server","time":"2024-11-25T21:09:53Z","timestamp":"2024-11-25T21:09:53Z"}
{"event_id":"779901e8-8d1e-4bce-a2f4-88e171f8292e","level":"info","msg":"Successfully retrieved project","project_id":"6744c9662a7f1c8ef529081d","source":"project-server","time":"2024-11-25T21:09:53Z","timestamp":"2024-11-25T21:09:53Z"}
{"event_id":"0bf35fda-591c-4778-abcb-6e61685425c3","level":"info","msg":"Fetching project by ID","project_id":"6744c9662a7f1c8ef529081d","source":"project-server","time":"2024-11-25T21:09:53Z","timestamp":"2024-11-25T21:09:53Z"}
{"event_id":"d95bdf0c-bbb3-41fb-b5ec-fefe2b6bf72d","level":"info","msg":"Successfully retrieved project","project_id":"6744c9662a7f1c8ef529081d","source":"project-server","time":"2024-11-25T21:09:53Z","timestamp":"2024-11-25T21:09:53Z"}
{"event_id":"cce0d242-53bd-47c8-8f09-37784bbd41b6","level":"info","msg":"Fetching project by ID","project_id":"6744c9662a7f1c8ef529081d","source":"project-server","time":"2024-11-25T21:10:23Z","timestamp":"2024-11-25T21:10:23Z"}
{"event_id":"0c81dc0b-ccbe-4411-9a13-2b2f9a76efbd","level":"info","msg":"Successfully retrieved project","project_id":"6744c9662a7f1c8ef529081d","source":"project-server","time":"2024-11-25T21:10:23Z","timestamp":"2024-11-25T21:10:23Z"}
{"event_id":"69e47f7c-3954-447b-86eb-402ebc8e2346","level":"info","msg":"Fetching project by ID","project_id":"6744c9662a7f1c8ef529081d","source":"project-server","time":"2024-11-25T21:10:23Z","timestamp":"2024-11-25T21:10:23Z"}
{"event_id":"27586318-f49b-422b-9c22-951f6958c1c4","level":"info","msg":"Successfully retrieved project","project_id":"6744c9662a7f1c8ef529081d","source":"project-server","time":"2024-11-25T21:10:23Z","timestamp":"2024-11-25T21:10:23Z"}
{"event_id":"f25bc9fa-f5b6-4236-a6d5-cf738406378c","level":"info","msg":"Processing request for user ID","role":"member","source":"project-server","time":"2024-11-25T21:10:40Z","timestamp":"2024-11-25T21:10:40Z","user_id":"6741247256caa1239015738a"}
{"event_id":"bb4fd81b-3643-4a07-b7f0-f5a633bf93a5","level":"info","msg":"Fetching projects for member","role":"member","source":"project-server","time":"2024-11-25T21:10:40Z","timestamp":"2024-11-25T21:10:40Z","user_id":"6741247256caa1239015738a"}
{"event_id":"708b3389-61a7-4734-a551-afeeab333cb2","level":"info","msg":"Successfully fetched projects for user","role":"member","source":"project-server","time":"2024-11-25T21:10:40Z","timestamp":"2024-11-25T21:10:40Z","user_id":"6741247256caa1239015738a"}
{"event_id":"f10b02ed-ca23-4091-9048-4ec752661b0b","level":"info","msg":"Processing request for user ID","role":"member","source":"project-server","time":"2024-11-25T21:10:40Z","timestamp":"2024-11-25T21:10:40Z","user_id":"6741247256caa1239015738a"}
{"event_id":"5b72d3e2-304b-4fd9-b589-4b6879ea904a","level":"info","msg":"Fetching projects for member","role":"member","source":"project-server","time":"2024-11-25T21:10:40Z","timestamp":"2024-11-25T21:10:40Z","user_id":"6741247256caa1239015738a"}
{"event_id":"5903cfef-5629-410a-9d98-e560e50e7718","level":"info","msg":"Successfully fetched projects for user","role":"member","source":"project-server","time":"2024-11-25T21:10:40Z","timestamp":"2024-11-25T21:10:40Z","user_id":"6741247256caa1239015738a"}
{"event_id":"c61d91a0-725e-48cf-9c08-b09777de1968","level":"info","msg":"Processing request for user ID","role":"member","source":"project-server","time":"2024-11-25T21:10:48Z","timestamp":"2024-11-25T21:10:48Z","user_id":"6741247256caa1239015738a"}
{"event_id":"7189fd5e-400a-49cd-ab06-790a8a372e2c","level":"info","msg":"Fetching projects for member","role":"member","source":"project-server","time":"2024-11-25T21:10:48Z","timestamp":"2024-11-25T21:10:48Z","user_id":"6741247256caa1239015738a"}
{"event_id":"30ac0190-b60c-48ab-9ca6-aa9fd64e8f34","level":"info","msg":"Successfully fetched projects for user","role":"member","source":"project-server","time":"2024-11-25T21:10:48Z","timestamp":"2024-11-25T21:10:48Z","user_id":"6741247256caa1239015738a"}
{"event_id":"d87eb7b1-a028-48f0-9006-b5c49c53021e","level":"info","msg":"Processing request for user ID","role":"member","source":"project-server","time":"2024-11-25T21:10:48Z","timestamp":"2024-11-25T21:10:48Z","user_id":"6741247256caa1239015738a"}
{"event_id":"180db4ef-3fae-4cf6-afce-acc48b712c90","level":"info","msg":"Fetching projects for member","role":"member","source":"project-server","time":"2024-11-25T21:10:48Z","timestamp":"2024-11-25T21:10:48Z","user_id":"6741247256caa1239015738a"}
{"event_id":"35f6705b-a907-488a-a95e-610d6e9f8a1e","level":"info","msg":"Successfully fetched projects for user","role":"member","source":"project-server","time":"2024-11-25T21:10:48Z","timestamp":"2024-11-25T21:10:48Z","user_id":"6741247256caa1239015738a"}
{"event_id":"4bb945fe-9798-4c1f-aed9-21884eaf6f06","level":"info","msg":"Fetching project by ID","project_id":"6744c9662a7f1c8ef529081d","source":"project-server","time":"2024-11-25T21:10:49Z","timestamp":"2024-11-25T21:10:49Z"}
{"event_id":"be779eb0-4f98-45b0-b7ed-dd70a1cbd1e8","level":"info","msg":"Successfully retrieved project","project_id":"6744c9662a7f1c8ef529081d","source":"project-server","time":"2024-11-25T21:10:49Z","timestamp":"2024-11-25T21:10:49Z"}
{"event_id":"5f788948-c14f-404a-a081-43507e91438c","level":"info","msg":"Fetching project by ID","project_id":"6744c9662a7f1c8ef529081d","source":"project-server","time":"2024-11-25T21:10:49Z","timestamp":"2024-11-25T21:10:49Z"}
{"event_id":"912a06bc-0592-4ff1-9387-fed94fea9607","level":"info","msg":"Successfully retrieved project","project_id":"6744c9662a7f1c8ef529081d","source":"project-server","time":"2024-11-25T21:10:49Z","timestamp":"2024-11-25T21:10:49Z"}
{"event_id":"5ab10b6c-0d46-43ea-b012-15663f711a91","level":"info","msg":"Processing request for user ID","role":"manager","source":"project-server","time":"2024-11-26T20:47:37Z","timestamp":"2024-11-26T20:47:37Z","user_id":"67411ded8c20cc34ca06caa7"}
{"event_id":"829efa56-d425-4ad6-bfc2-0102db8c33f3","level":"info","msg":"Fetching projects for manager","role":"manager","source":"project-server","time":"2024-11-26T20:47:37Z","timestamp":"2024-11-26T20:47:37Z","user_id":"67411ded8c20cc34ca06caa7"}
{"event_id":"f731cb51-e822-42c2-bbc7-051c79945a51","level":"warning","msg":"No projects found for user","role":"manager","source":"project-server","time":"2024-11-26T20:47:37Z","timestamp":"2024-11-26T20:47:37Z","user_id":"67411ded8c20cc34ca06caa7"}
{"event_id":"fd702f2b-3f9d-4f0e-a0a2-612054421fea","level":"info","msg":"Processing request for user ID","role":"manager","source":"project-server","time":"2024-11-26T20:47:37Z","timestamp":"2024-11-26T20:47:37Z","user_id":"67411ded8c20cc34ca06caa7"}
{"event_id":"2574d10d-a2b5-44a3-9808-518da3fa29fb","level":"info","msg":"Fetching projects for manager","role":"manager","source":"project-server","time":"2024-11-26T20:47:37Z","timestamp":"2024-11-26T20:47:37Z","user_id":"67411ded8c20cc34ca06caa7"}
{"event_id":"aa2f1954-9d7c-486e-aeda-7a843eb39b74","level":"warning","msg":"No projects found for user","role":"manager","source":"project-server","time":"2024-11-26T20:47:37Z","timestamp":"2024-11-26T20:47:37Z","user_id":"67411ded8c20cc34ca06caa7"}
{"event_id":"be90bc14-235d-4503-8939-63aa7a0e051d","level":"info","msg":"Received project for insertion","project_id":"000000000000000000000000","project_name":"aaaaa","source":"project-server","time":"2024-11-26T20:47:53Z","timestamp":"2024-11-26T20:47:53Z"}
{"event_id":"8e89ae46-f70c-4cbc-af79-1f20365be46e","level":"info","msg":"Successfully create project","project_id":"000000000000000000000000","project_name":"aaaaa","source":"project-server","time":"2024-11-26T20:47:53Z","timestamp":"2024-11-26T20:47:53Z"}
{"event_id":"35afc507-ab3e-4c2b-aaff-ff018763ec59","level":"info","msg":"Processing request for user ID","role":"manager","source":"project-server","time":"2024-11-26T20:47:53Z","timestamp":"2024-11-26T20:47:53Z","user_id":"67411ded8c20cc34ca06caa7"}
{"event_id":"60a47eb5-0ec4-491d-ac3d-e45ba832dbd1","level":"info","msg":"Fetching projects for manager","role":"manager","source":"project-server","time":"2024-11-26T20:47:53Z","timestamp":"2024-11-26T20:47:53Z","user_id":"67411ded8c20cc34ca06caa7"}
{"event_id":"25a7026f-aac0-436d-a79a-e3000eadbe3d","level":"info","msg":"Successfully fetched projects for user","role":"manager","source":"project-server","time":"2024-11-26T20:47:53Z","timestamp":"2024-11-26T20:47:53Z","user_id":"67411ded8c20cc34ca06caa7"}
{"event_id":"43e70ac0-070e-416e-a417-25cea3a1583a","level":"info","msg":"Processing request for user ID","role":"manager","source":"project-server","time":"2024-11-26T20:47:57Z","timestamp":"2024-11-26T20:47:57Z","user_id":"67411ded8c20cc34ca06caa7"}
{"event_id":"1d35574f-fa8f-4f1c-af29-6ef557ce2351","level":"info","msg":"Fetching projects for manager","role":"manager","source":"project-server","time":"2024-11-26T20:47:57Z","timestamp":"2024-11-26T20:47:57Z","user_id":"67411ded8c20cc34ca06caa7"}
{"event_id":"488870dd-5e5f-402b-8866-10f557eec501","level":"info","msg":"Successfully fetched projects for user","role":"manager","source":"project-server","time":"2024-11-26T20:47:57Z","timestamp":"2024-11-26T20:47:57Z","user_id":"67411ded8c20cc34ca06caa7"}
{"event_id":"d081a3f3-5d78-4030-84c6-c39099cf31c7","level":"info","msg":"Processing request for user ID","role":"manager","source":"project-server","time":"2024-11-26T20:47:57Z","timestamp":"2024-11-26T20:47:57Z","user_id":"67411ded8c20cc34ca06caa7"}
{"event_id":"ae8a162f-495c-42c9-9cbf-0c9e56efc295","level":"info","msg":"Fetching projects for manager","role":"manager","source":"project-server","time":"2024-11-26T20:47:57Z","timestamp":"2024-11-26T20:47:57Z","user_id":"67411ded8c20cc34ca06caa7"}
{"event_id":"6dd9a626-c228-4912-a569-c478416611cb","level":"info","msg":"Successfully fetched projects for user","role":"manager","source":"project-server","time":"2024-11-26T20:47:57Z","timestamp":"2024-11-26T20:47:57Z","user_id":"67411ded8c20cc34ca06caa7"}
{"event_id":"7f139688-9a1f-43ac-8a14-63015fd2b7f9","level":"info","msg":"Deleting project","project_id":"674633f9103a008132989210","source":"project-server","time":"2024-11-26T20:48:09Z","timestamp":"2024-11-26T20:48:09Z"}
{"event_id":"e8f3521b-5fee-4b76-a4a4-53dda83cde67","level":"info","msg":"Project successfully deleted and event published","project_id":"674633f9103a008132989210","source":"project-server","time":"2024-11-26T20:48:09Z","timestamp":"2024-11-26T20:48:09Z"}
{"event_id":"b3a392ae-bc84-401a-adbe-4ffb541f11be","level":"info","msg":"Processing request for user ID","role":"manager","source":"project-server","time":"2024-11-26T20:48:09Z","timestamp":"2024-11-26T20:48:09Z","user_id":"67411ded8c20cc34ca06caa7"}
{"event_id":"e0c4bb9e-21e8-4f09-92e4-f88c90722489","level":"info","msg":"Fetching projects for manager","role":"manager","source":"project-server","time":"2024-11-26T20:48:09Z","timestamp":"2024-11-26T20:48:09Z","user_id":"67411ded8c20cc34ca06caa7"}
{"event_id":"70ceba99-cdda-4d90-b562-8dde3fbc455d","level":"info","msg":"Successfully fetched projects for user","role":"manager","source":"project-server","time":"2024-11-26T20:48:09Z","timestamp":"2024-11-26T20:48:09Z","user_id":"67411ded8c20cc34ca06caa7"}
{"event_id":"27822552-eaee-4ec7-ad09-3de154e44908","level":"info","msg":"Processing request for user ID","role":"manager","source":"project-server","time":"2024-11-26T20:48:10Z","timestamp":"2024-11-26T20:48:10Z","user_id":"67411ded8c20cc34ca06caa7"}
{"event_id":"ccdf77cc-7c1a-4c45-b5a6-0db08f62e984","level":"info","msg":"Fetching projects for manager","role":"manager","source":"project-server","time":"2024-11-26T20:48:10Z","timestamp":"2024-11-26T20:48:10Z","user_id":"67411ded8c20cc34ca06caa7"}
{"event_id":"ed1e8746-8fac-422e-8df3-1e24b2350e1f","level":"info","msg":"Successfully fetched projects for user","role":"manager","source":"project-server","time":"2024-11-26T20:48:10Z","timestamp":"2024-11-26T20:48:10Z","user_id":"67411ded8c20cc34ca06caa7"}
{"event_id":"69ae7ed8-5bfd-445c-8b6a-9a3378694466","level":"info","msg":"Processing request for user ID","role":"manager","source":"project-server","time":"2024-11-26T20:48:11Z","timestamp":"2024-11-26T20:48:11Z","user_id":"67411ded8c20cc34ca06caa7"}
{"event_id":"15782480-c4cf-4c39-bbc2-9c71d5553382","level":"info","msg":"Fetching projects for manager","role":"manager","source":"project-server","time":"2024-11-26T20:48:11Z","timestamp":"2024-11-26T20:48:11Z","user_id":"67411ded8c20cc34ca06caa7"}
{"event_id":"6894f998-c5de-4ec3-8563-d7e4b95368e0","level":"info","msg":"Successfully fetched projects for user","role":"manager","source":"project-server","time":"2024-11-26T20:48:11Z","timestamp":"2024-11-26T20:48:11Z","user_id":"67411ded8c20cc34ca06caa7"}
{"event_id":"a00d56dc-ddb2-4a77-a7fa-cb33d2434515","level":"info","msg":"Fetching project by ID","project_id":"674633f9103a00813298920f","source":"project-server","time":"2024-11-26T20:48:12Z","timestamp":"2024-11-26T20:48:12Z"}
{"event_id":"8eb321ae-ec77-4000-bf3b-f8727ab85f12","level":"info","msg":"Successfully retrieved project","project_id":"674633f9103a00813298920f","source":"project-server","time":"2024-11-26T20:48:12Z","timestamp":"2024-11-26T20:48:12Z"}
{"event_id":"15c10b70-a7f8-431b-a9ef-fc85dd442516","level":"info","msg":"Fetching project by ID","project_id":"674633f9103a00813298920f","source":"project-server","time":"2024-11-26T20:48:12Z","timestamp":"2024-11-26T20:48:12Z"}
{"event_id":"21bd731d-f91b-4a31-9ec8-6ebb56b07951","level":"info","msg":"Successfully retrieved project","project_id":"674633f9103a00813298920f","source":"project-server","time":"2024-11-26T20:48:12Z","timestamp":"2024-11-26T20:48:12Z"}
{"event_id":"8c514558-5519-4f41-acd3-40efbffb5eaa","level":"info","msg":"Fetching project by ID","project_id":"674633f9103a00813298920f","source":"project-server","time":"2024-11-26T20:48:21Z","timestamp":"2024-11-26T20:48:21Z"}
{"event_id":"ed0972e6-a9bb-4a81-8025-bd6d8b32a05e","level":"info","msg":"Successfully retrieved project","project_id":"674633f9103a00813298920f","source":"project-server","time":"2024-11-26T20:48:21Z","timestamp":"2024-11-26T20:48:21Z"}
{"event_id":"882c68b4-3892-454c-a0e1-c53b27f99d1c","level":"info","msg":"Fetching project by ID","project_id":"674633f9103a00813298920f","source":"project-server","time":"2024-11-26T20:48:22Z","timestamp":"2024-11-26T20:48:22Z"}
{"event_id":"e4c4bfc4-4649-4a17-8c74-1bcb1f5e8d63","level":"info","msg":"Successfully retrieved project","project_id":"674633f9103a00813298920f","source":"project-server","time":"2024-11-26T20:48:22Z","timestamp":"2024-11-26T20:48:22Z"}
{"event_id":"053172c3-476b-4290-b979-1a696e41f450","level":"info","msg":"Messages sent to NATS for added users","project_id":"674633f9103a00813298920f","source":"project-server","time":"2024-11-26T20:48:25Z","timestamp":"2024-11-26T20:48:25Z","user_ids":["6741247256caa1239015738a"]}
{"event_id":"5b3a060c-b5f3-45ce-9ca8-95477598ca3e","level":"info","msg":"Fetching project by ID","project_id":"674633f9103a00813298920f","source":"project-server","time":"2024-11-26T20:48:28Z","timestamp":"2024-11-26T20:48:28Z"}
{"event_id":"ae783442-ca27-4878-95a1-9190470ce609","level":"info","msg":"Successfully retrieved project","project_id":"674633f9103a00813298920f","source":"project-server","time":"2024-11-26T20:48:28Z","timestamp":"2024-11-26T20:48:28Z"}
{"event_id":"d76ccbce-0273-4efb-805f-9a1e155bbafa","level":"info","msg":"Fetching project by ID","project_id":"674633f9103a00813298920f","source":"project-server","time":"2024-11-26T20:48:28Z","timestamp":"2024-11-26T20:48:28Z"}
{"event_id":"4fb1b282-cf89-4183-ad55-6e725da881c9","level":"info","msg":"Successfully retrieved project","project_id":"674633f9103a00813298920f","source":"project-server","time":"2024-11-26T20:48:28Z","timestamp":"2024-11-26T20:48:28Z"}
{"event_id":"7640f115-1de6-462c-b8b7-68d25de2f7c4","level":"info","msg":"Processing request for user ID","role":"manager","source":"project-server","time":"2024-11-26T20:54:42Z","timestamp":"2024-11-26T20:54:42Z","user_id":"67411ded8c20cc34ca06caa7"}
{"event_id":"9cfc267f-08c2-48e5-b75b-15d1f42d5115","level":"info","msg":"Fetching projects for manager","role":"manager","source":"project-server","time":"2024-11-26T20:54:42Z","timestamp":"2024-11-26T20:54:42Z","user_id":"67411ded8c20cc34ca06caa7"}
{"event_id":"2908317e-6b6b-45d8-9df6-dbd7cfdded1a","level":"info","msg":"Successfully fetched projects for user","role":"manager","source":"project-server","time":"2024-11-26T20:54:42Z","timestamp":"2024-11-26T20:54:42Z","user_id":"67411ded8c20cc34ca06caa7"}
{"event_id":"09eb659e-95ef-40e1-82c3-444b5b56ec0c","level":"info","msg":"Processing request for user ID","role":"manager","source":"project-server","time":"2024-11-26T20:54:42Z","timestamp":"2024-11-26T20:54:42Z","user_id":"67411ded8c20cc34ca06caa7"}
{"event_id":"96a6e392-64b6-4669-9738-03c9303742a7","level":"info","msg":"Fetching projects for manager","role":"manager","source":"project-server","time":"2024-11-26T20:54:42Z","timestamp":"2024-11-26T20:54:42Z","user_id":"67411ded8c20cc34ca06caa7"}
{"event_id":"e66cf3a9-25d0-4511-aa93-6b94b17345bc","level":"info","msg":"Successfully fetched projects for user","role":"manager","source":"project-server","time":"2024-11-26T20:54:42Z","timestamp":"2024-11-26T20:54:42Z","user_id":"67411ded8c20cc34ca06caa7"}
{"event_id":"8f2bf25e-0e49-4af7-897d-1731176b803c","level":"info","msg":"Fetching project by ID","project_id":"674633f9103a00813298920f","source":"project-server","time":"2024-11-26T20:54:43Z","timestamp":"2024-11-26T20:54:43Z"}
{"event_id":"6fb4f7d0-7196-46b6-b784-c0b9a39ed141","level":"info","msg":"Successfully retrieved project","project_id":"674633f9103a00813298920f","source":"project-server","time":"2024-11-26T20:54:43Z","timestamp":"2024-11-26T20:54:43Z"}
{"event_id":"2a87e23f-7320-4e40-a225-4479889c8bf8","level":"info","msg":"Fetching project by ID","project_id":"674633f9103a00813298920f","source":"project-server","time":"2024-11-26T20:54:43Z","timestamp":"2024-11-26T20:54:43Z"}
{"event_id":"41a55d14-e459-4962-881d-155cb52a5966","level":"info","msg":"Successfully retrieved project","project_id":"674633f9103a00813298920f","source":"project-server","time":"2024-11-26T20:54:43Z","timestamp":"2024-11-26T20:54:43Z"}
{"event_id":"7bb389cc-1796-40c2-84bb-a1e80e401466","level":"info","msg":"Fetching project by ID","project_id":"674633f9103a00813298920f","source":"project-server","time":"2024-11-26T20:55:24Z","timestamp":"2024-11-26T20:55:24Z"}
{"event_id":"59161a43-4943-4002-bb23-bb4b2555ac62","level":"info","msg":"Successfully retrieved project","project_id":"674633f9103a00813298920f","source":"project-server","time":"2024-11-26T20:55:24Z","timestamp":"2024-11-26T20:55:24Z"}
{"event_id":"b4d617d8-9370-4c71-a710-a2df4700aba4","level":"info","msg":"Fetching project by ID","project_id":"674633f9103a00813298920f","source":"project-server","time":"2024-11-26T20:55:24Z","timestamp":"2024-11-26T20:55:24Z"}
{"event_id":"78b6b145-0554-46e3-9de2-fb23ff3b33f7","level":"info","msg":"Successfully retrieved project","project_id":"674633f9103a00813298920f","source":"project-server","time":"2024-11-26T20:55:24Z","timestamp":"2024-11-26T20:55:24Z"}
{"event_id":"103592dc-87c9-4242-be45-e8f9b72b0730","level":"info","msg":"Fetching project by ID","project_id":"674633f9103a00813298920f","source":"project-server","time":"2024-11-26T20:56:00Z","timestamp":"2024-11-26T20:56:00Z"}
{"event_id":"4185ecaa-2862-43fc-a910-3e0ceafb0644","level":"info","msg":"Successfully retrieved project","project_id":"674633f9103a00813298920f","source":"project-server","time":"2024-11-26T20:56:00Z","timestamp":"2024-11-26T20:56:00Z"}
{"event_id":"630a5036-20d2-4f81-aa41-8880857db48a","level":"info","msg":"Fetching project by ID","project_id":"674633f9103a00813298920f","source":"project-server","time":"2024-11-26T20:56:00Z","timestamp":"2024-11-26T20:56:00Z"}
{"event_id":"dca238ec-9ff8-49d2-ac45-dab92b53b111","level":"info","msg":"Successfully retrieved project","project_id":"674633f9103a00813298920f","source":"project-server","time":"2024-11-26T20:56:00Z","timestamp":"2024-11-26T20:56:00Z"}
{"event_id":"325d5485-ce78-4fbc-9608-e595226a25be","level":"info","msg":"Fetching project by ID","project_id":"674633f9103a00813298920f","source":"project-server","time":"2024-11-26T20:57:27Z","timestamp":"2024-11-26T20:57:27Z"}
{"event_id":"2d29d0b4-ba17-43b2-8af7-ca48e385cb0d","level":"info","msg":"Successfully retrieved project","project_id":"674633f9103a00813298920f","source":"project-server","time":"2024-11-26T20:57:27Z","timestamp":"2024-11-26T20:57:27Z"}
{"event_id":"3ff5f199-89d7-4b7d-a282-227ba2403cb2","level":"info","msg":"Fetching project by ID","project_id":"674633f9103a00813298920f","source":"project-server","time":"2024-11-26T20:57:27Z","timestamp":"2024-11-26T20:57:27Z"}
{"event_id":"33593260-fec3-43f9-ae32-dc93913da022","level":"info","msg":"Successfully retrieved project","project_id":"674633f9103a00813298920f","source":"project-server","time":"2024-11-26T20:57:27Z","timestamp":"2024-11-26T20:57:27Z"}
{"event_id":"2d5f449d-9d5c-47c2-a77a-e0d96f210c24","level":"info","msg":"Processing request for user ID","role":"manager","source":"project-server","time":"2024-11-26T21:02:18Z","timestamp":"2024-11-26T21:02:18Z","user_id":"67411ded8c20cc34ca06caa7"}
{"event_id":"ab06b680-a80e-40ab-980a-fe7c7cc516a2","level":"info","msg":"Fetching projects for manager","role":"manager","source":"project-server","time":"2024-11-26T21:02:18Z","timestamp":"2024-11-26T21:02:18Z","user_id":"67411ded8c20cc34ca06caa7"}
{"event_id":"6d4b028e-9cf0-4908-93dd-daaa0deacd28","level":"info","msg":"Successfully fetched projects for user","role":"manager","source":"project-server","time":"2024-11-26T21:02:18Z","timestamp":"2024-11-26T21:02:18Z","user_id":"67411ded8c20cc34ca06caa7"}
{"event_id":"453574ea-9654-4359-a6b2-100c8b99bdc7","level":"info","msg":"Processing request for user ID","role":"manager","source":"project-server","time":"2024-11-26T21:02:18Z","timestamp":"2024-11-26T21:02:18Z","user_id":"67411ded8c20cc34ca06caa7"}
{"event_id":"ec34e2f5-67d9-4d55-b0f7-88b478eb20af","level":"info","msg":"Fetching projects for manager","role":"manager","source":"project-server","time":"2024-11-26T21:02:18Z","timestamp":"2024-11-26T21:02:18Z","user_id":"67411ded8c20cc34ca06caa7"}
{"event_id":"1827134f-1d7f-4b31-a4f2-400353c0fac7","level":"info","msg":"Successfully fetched projects for user","role":"manager","source":"project-server","time":"2024-11-26T21:02:18Z","timestamp":"2024-11-26T21:02:18Z","user_id":"67411ded8c20cc34ca06caa7"}
{"event_id":"bcfd627e-07b7-45c2-bbcf-b2ceeaa8a801","level":"info","msg":"Fetching project by ID","project_id":"674633f9103a00813298920f","source":"project-server","time":"2024-11-26T21:02:19Z","timestamp":"2024-11-26T21:02:19Z"}
{"event_id":"44eae4b0-1890-4926-b1f8-3fef3149025d","level":"info","msg":"Successfully retrieved project","project_id":"674633f9103a00813298920f","source":"project-server","time":"2024-11-26T21:02:19Z","timestamp":"2024-11-26T21:02:19Z"}
{"event_id":"080066f7-f4a0-42ae-beba-9c75112739b5","level":"info","msg":"Fetching project by ID","project_id":"674633f9103a00813298920f","source":"project-server","time":"2024-11-26T21:02:19Z","timestamp":"2024-11-26T21:02:19Z"}
{"event_id":"d311d79b-6933-459d-977b-e8af1a6cc352","level":"info","msg":"Successfully retrieved project","project_id":"674633f9103a00813298920f","source":"project-server","time":"2024-11-26T21:02:19Z","timestamp":"2024-11-26T21:02:19Z"}
{"event_id":"d2a25364-2716-4179-a64f-a8eb2f4500ff","level":"info","msg":"Processing request for user ID","role":"manager","source":"project-server","time":"2024-11-26T21:10:20Z","timestamp":"2024-11-26T21:10:20Z","user_id":"67411ded8c20cc34ca06caa7"}
{"event_id":"53f4b017-a40f-49e5-a1bd-e5a83778f519","level":"info","msg":"Fetching projects for manager","role":"manager","source":"project-server","time":"2024-11-26T21:10:20Z","timestamp":"2024-11-26T21:10:20Z","user_id":"67411ded8c20cc34ca06caa7"}
{"event_id":"6b8e9b3f-3ce5-4b50-9ded-bee91142bbb0","level":"info","msg":"Successfully fetched projects for user","role":"manager","source":"project-server","time":"2024-11-26T21:10:20Z","timestamp":"2024-11-26T21:10:20Z","user_id":"67411ded8c20cc34ca06caa7"}
{"event_id":"24cf38e8-e3be-4792-96f4-629bdbc60312","level":"info","msg":"Processing request for user ID","role":"manager","source":"project-server","time":"2024-11-26T21:10:21Z","timestamp":"2024-11-26T21:10:21Z","user_id":"67411ded8c20cc34ca06caa7"}
{"event_id":"44396b1a-ee56-46a8-8945-a0b4764807df","level":"info","msg":"Fetching projects for manager","role":"manager","source":"project-server","time":"2024-11-26T21:10:21Z","timestamp":"2024-11-26T21:10:21Z","user_id":"67411ded8c20cc34ca06caa7"}
{"event_id":"3343cd8b-26cc-4856-834a-d4a9a7aeb971","level":"info","msg":"Successfully fetched projects for user","role":"manager","source":"project-server","time":"2024-11-26T21:10:21Z","timestamp":"2024-11-26T21:10:21Z","user_id":"67411ded8c20cc34ca06caa7"}
{"event_id":"1fffab2f-74ae-42b7-9351-cecd49fb2221","level":"info","msg":"Fetching project by ID","project_id":"674633f9103a00813298920f","source":"project-server","time":"2024-11-26T21:10:23Z","timestamp":"2024-11-26T21:10:23Z"}
{"event_id":"8163e99f-5e03-4b89-acd7-8aa36d4abfc8","level":"info","msg":"Successfully retrieved project","project_id":"674633f9103a00813298920f","source":"project-server","time":"2024-11-26T21:10:23Z","timestamp":"2024-11-26T21:10:23Z"}
{"event_id":"c32d4791-3bcf-4be9-96f3-af2956542878","level":"info","msg":"Fetching project by ID","project_id":"674633f9103a00813298920f","source":"project-server","time":"2024-11-26T21:10:23Z","timestamp":"2024-11-26T21:10:23Z"}
{"event_id":"017b5707-7b3f-4f53-b9db-501c0c8593c8","level":"info","msg":"Successfully retrieved project","project_id":"674633f9103a00813298920f","source":"project-server","time":"2024-11-26T21:10:23Z","timestamp":"2024-11-26T21:10:23Z"}
{"event_id":"e2a9424c-cbd2-40f8-8dac-e966e107b4e1","level":"info","msg":"Fetching project by ID","project_id":"674633f9103a00813298920f","source":"project-server","time":"2024-11-26T21:12:20Z","timestamp":"2024-11-26T21:12:20Z"}
{"event_id":"ed4c838c-b737-46f5-9760-865096758b88","level":"info","msg":"Successfully retrieved project","project_id":"674633f9103a00813298920f","source":"project-server","time":"2024-11-26T21:12:20Z","timestamp":"2024-11-26T21:12:20Z"}
{"event_id":"1d2d07df-62db-447e-a229-26bfcccca5cf","level":"info","msg":"Fetching project by ID","project_id":"674633f9103a00813298920f","source":"project-server","time":"2024-11-26T21:12:20Z","timestamp":"2024-11-26T21:12:20Z"}
{"event_id":"6c13d0ba-ce91-4af6-ab00-57da299d39c1","level":"info","msg":"Successfully retrieved project","project_id":"674633f9103a00813298920f","source":"project-server","time":"2024-11-26T21:12:20Z","timestamp":"2024-11-26T21:12:20Z"}
{"event_id":"91db82b6-e349-4803-ba72-9ec7708a3e4b","level":"info","msg":"Processing request for user ID","role":"manager","source":"project-server","time":"2024-11-26T21:12:22Z","timestamp":"2024-11-26T21:12:22Z","user_id":"67411ded8c20cc34ca06caa7"}
{"event_id":"6bfb8dc6-b4eb-4426-baf6-b0ffb41a1710","level":"info","msg":"Fetching projects for manager","role":"manager","source":"project-server","time":"2024-11-26T21:12:22Z","timestamp":"2024-11-26T21:12:22Z","user_id":"67411ded8c20cc34ca06caa7"}
{"event_id":"dad5d5de-83b8-4462-8ed7-43b32826e459","level":"info","msg":"Successfully fetched projects for user","role":"manager","source":"project-server","time":"2024-11-26T21:12:22Z","timestamp":"2024-11-26T21:12:22Z","user_id":"67411ded8c20cc34ca06caa7"}
{"event_id":"b2cf4bf9-c294-4173-8c74-bcbda2e9f011","level":"info","msg":"Processing request for user ID","role":"manager","source":"project-server","time":"2024-11-26T21:12:22Z","timestamp":"2024-11-26T21:12:22Z","user_id":"67411ded8c20cc34ca06caa7"}
{"event_id":"735172aa-779e-41ef-b1c5-e3541a9f2b6f","level":"info","msg":"Fetching projects for manager","role":"manager","source":"project-server","time":"2024-11-26T21:12:22Z","timestamp":"2024-11-26T21:12:22Z","user_id":"67411ded8c20cc34ca06caa7"}
{"event_id":"43d40ea1-151f-46a3-a2f0-6a6b061adaf1","level":"info","msg":"Successfully fetched projects for user","role":"manager","source":"project-server","time":"2024-11-26T21:12:22Z","timestamp":"2024-11-26T21:12:22Z","user_id":"67411ded8c20cc34ca06caa7"}
{"event_id":"3e805fc9-b18d-415f-88a1-ef5544cbd233","level":"info","msg":"Processing request for user ID","role":"member","source":"project-server","time":"2024-11-26T21:12:41Z","timestamp":"2024-11-26T21:12:41Z","user_id":"6741247256caa1239015738a"}
{"event_id":"39557b97-e652-4dab-a09d-7fe2c40797fe","level":"info","msg":"Fetching projects for member","role":"member","source":"project-server","time":"2024-11-26T21:12:41Z","timestamp":"2024-11-26T21:12:41Z","user_id":"6741247256caa1239015738a"}
{"event_id":"c8a8d231-9a15-4213-b833-b908897c335f","level":"info","msg":"Successfully fetched projects for user","role":"member","source":"project-server","time":"2024-11-26T21:12:41Z","timestamp":"2024-11-26T21:12:41Z","user_id":"6741247256caa1239015738a"}
{"event_id":"f864d8f9-02ff-467c-84e7-1ecb54ae1539","level":"info","msg":"Processing request for user ID","role":"member","source":"project-server","time":"2024-11-26T21:12:41Z","timestamp":"2024-11-26T21:12:41Z","user_id":"6741247256caa1239015738a"}
{"event_id":"49e48d9b-1981-451c-9aa4-f7f7e2ec7150","level":"info","msg":"Fetching projects for member","role":"member","source":"project-server","time":"2024-11-26T21:12:41Z","timestamp":"2024-11-26T21:12:41Z","user_id":"6741247256caa1239015738a"}
{"event_id":"ec66b222-2ec5-465d-8bc4-6025e109c5b4","level":"info","msg":"Successfully fetched projects for user","role":"member","source":"project-server","time":"2024-11-26T21:12:41Z","timestamp":"2024-11-26T21:12:41Z","user_id":"6741247256caa1239015738a"}
{"event_id":"5f53d8be-dcad-4dc1-8055-386cb12bfa26","level":"info","msg":"Processing request for user ID","role":"member","source":"project-server","time":"2024-11-26T21:13:09Z","timestamp":"2024-11-26T21:13:09Z","user_id":"6741247256caa1239015738a"}
{"event_id":"09676189-c266-45a6-9435-3f534c07defb","level":"info","msg":"Fetching projects for member","role":"member","source":"project-server","time":"2024-11-26T21:13:09Z","timestamp":"2024-11-26T21:13:09Z","user_id":"6741247256caa1239015738a"}
{"event_id":"39c48426-f7a7-4e5e-b887-398293dd054a","level":"info","msg":"Successfully fetched projects for user","role":"member","source":"project-server","time":"2024-11-26T21:13:09Z","timestamp":"2024-11-26T21:13:09Z","user_id":"6741247256caa1239015738a"}
{"event_id":"a37f42aa-5e42-43eb-87e7-06f63907bd14","level":"info","msg":"Processing request for user ID","role":"member","source":"project-server","time":"2024-11-26T21:13:09Z","timestamp":"2024-11-26T21:13:09Z","user_id":"6741247256caa1239015738a"}
{"event_id":"060d12ce-6578-4a61-a4d6-c331afa78243","level":"info","msg":"Fetching projects for member","role":"member","source":"project-server","time":"2024-11-26T21:13:09Z","timestamp":"2024-11-26T21:13:09Z","user_id":"6741247256caa1239015738a"}
{"event_id":"5272b6c8-29d1-4d91-a1ae-18259db4ac1c","level":"info","msg":"Successfully fetched projects for user","role":"member","source":"project-server","time":"2024-11-26T21:13:09Z","timestamp":"2024-11-26T21:13:09Z","user_id":"6741247256caa1239015738a"}
{"event_id":"329088e6-df62-4e87-bd65-d19474db9094","level":"info","msg":"Processing request for user ID","role":"member","source":"project-server","time":"2024-11-26T21:13:10Z","timestamp":"2024-11-26T21:13:10Z","user_id":"6741247256caa1239015738a"}
{"event_id":"3d6babe0-ce79-45a5-bc27-b38bdbe9c462","level":"info","msg":"Fetching projects for member","role":"member","source":"project-server","time":"2024-11-26T21:13:10Z","timestamp":"2024-11-26T21:13:10Z","user_id":"6741247256caa1239015738a"}
{"event_id":"4157c7f2-909a-4764-a8ec-090ea40aef41","level":"info","msg":"Successfully fetched projects for user","role":"member","source":"project-server","time":"2024-11-26T21:13:10Z","timestamp":"2024-11-26T21:13:10Z","user_id":"6741247256caa1239015738a"}
{"event_id":"21109367-2f4d-4cdf-8b93-585e623a6251","level":"info","msg":"Processing request for user ID","role":"member","source":"project-server","time":"2024-11-26T21:13:10Z","timestamp":"2024-11-26T21:13:10Z","user_id":"6741247256caa1239015738a"}
{"event_id":"710d9e10-2dca-45fa-bfe8-84dc7432b09d","level":"info","msg":"Fetching projects for member","role":"member","source":"project-server","time":"2024-11-26T21:13:10Z","timestamp":"2024-11-26T21:13:10Z","user_id":"6741247256caa1239015738a"}
{"event_id":"060a4788-eaee-4f61-b8cf-1326925695ac","level":"info","msg":"Successfully fetched projects for user","role":"member","source":"project-server","time":"2024-11-26T21:13:10Z","timestamp":"2024-11-26T21:13:10Z","user_id":"6741247256caa1239015738a"}
{"event_id":"94eca011-aeb0-4ebe-a4ac-7a6dfaaf5c6f","level":"info","msg":"Fetching project by ID","project_id":"674633f9103a00813298920f","source":"project-server","time":"2024-11-26T21:13:11Z","timestamp":"2024-11-26T21:13:11Z"}
{"event_id":"ceafa6ae-6c1f-4ef3-8db3-3e822716bd05","level":"info","msg":"Successfully retrieved project","project_id":"674633f9103a00813298920f","source":"project-server","time":"2024-11-26T21:13:11Z","timestamp":"2024-11-26T21:13:11Z"}
{"event_id":"bc12961d-d9a5-46d6-a440-5e8f75daf283","level":"info","msg":"Fetching project by ID","project_id":"674633f9103a00813298920f","source":"project-server","time":"2024-11-26T21:13:11Z","timestamp":"2024-11-26T21:13:11Z"}
{"event_id":"e93ff9d0-1c3e-4f6c-9b5f-aa86db8e156b","level":"info","msg":"Successfully retrieved project","project_id":"674633f9103a00813298920f","source":"project-server","time":"2024-11-26T21:13:11Z","timestamp":"2024-11-26T21:13:11Z"}
{"event_id":"79af5cc1-21b5-4851-ab5f-e67c6410c3e3","level":"info","msg":"Fetching project by ID","project_id":"674633f9103a00813298920f","source":"project-server","time":"2024-11-26T21:15:07Z","timestamp":"2024-11-26T21:15:07Z"}
{"event_id":"c34be1fd-2804-4cff-af5e-3420fef5e79b","level":"info","msg":"Successfully retrieved project","project_id":"674633f9103a00813298920f","source":"project-server","time":"2024-11-26T21:15:07Z","timestamp":"2024-11-26T21:15:07Z"}
{"event_id":"3d28f04b-ee34-4ed2-b6ae-2587f3c97625","level":"info","msg":"Fetching project by ID","project_id":"674633f9103a00813298920f","source":"project-server","time":"2024-11-26T21:15:07Z","timestamp":"2024-11-26T21:15:07Z"}
{"event_id":"3c27f38c-9655-484d-9e82-53df5dd4c662","level":"info","msg":"Successfully retrieved project","project_id":"674633f9103a00813298920f","source":"project-server","time":"2024-11-26T21:15:07Z","timestamp":"2024-11-26T21:15:07Z"}
{"event_id":"64c2b1dc-a80f-4966-99fe-04e36e5f3bad","level":"info","msg":"Processing request for user ID","role":"manager","source":"project-server","time":"2024-11-26T21:17:53Z","timestamp":"2024-11-26T21:17:53Z","user_id":"67411ded8c20cc34ca06caa7"}
{"event_id":"7b65415c-1575-44ad-8d59-dfd619f3ac9c","level":"info","msg":"Fetching projects for manager","role":"manager","source":"project-server","time":"2024-11-26T21:17:53Z","timestamp":"2024-11-26T21:17:53Z","user_id":"67411ded8c20cc34ca06caa7"}
{"event_id":"3de58081-45bc-407c-a047-972732e479e3","level":"info","msg":"Successfully fetched projects for user","role":"manager","source":"project-server","time":"2024-11-26T21:17:53Z","timestamp":"2024-11-26T21:17:53Z","user_id":"67411ded8c20cc34ca06caa7"}
{"event_id":"5510bee2-5a4c-4d2e-844d-385b9490147d","level":"info","msg":"Processing request for user ID","role":"manager","source":"project-server","time":"2024-11-26T21:17:53Z","timestamp":"2024-11-26T21:17:53Z","user_id":"67411ded8c20cc34ca06caa7"}
{"event_id":"036f8dd1-ed82-42e5-b956-44e451565ba9","level":"info","msg":"Fetching projects for manager","role":"manager","source":"project-server","time":"2024-11-26T21:17:53Z","timestamp":"2024-11-26T21:17:53Z","user_id":"67411ded8c20cc34ca06caa7"}
{"event_id":"de8e9d8f-3961-463d-8893-78c7327c03fb","level":"info","msg":"Successfully fetched projects for user","role":"manager","source":"project-server","time":"2024-11-26T21:17:53Z","timestamp":"2024-11-26T21:17:53Z","user_id":"67411ded8c20cc34ca06caa7"}
{"event_id":"22dc6cac-c9dc-4a57-93f4-ab03575091b9","level":"info","msg":"Fetching project by ID","project_id":"674633f9103a00813298920f","source":"project-server","time":"2024-11-26T21:17:54Z","timestamp":"2024-11-26T21:17:54Z"}
{"event_id":"953779c2-f0b4-4590-a735-5a0fa0daf8d3","level":"info","msg":"Successfully retrieved project","project_id":"674633f9103a00813298920f","source":"project-server","time":"2024-11-26T21:17:54Z","timestamp":"2024-11-26T21:17:54Z"}
{"event_id":"69f86e43-02a6-491f-b221-bcd095d4f4c5","level":"info","msg":"Fetching project by ID","project_id":"674633f9103a00813298920f","source":"project-server","time":"2024-11-26T21:17:54Z","timestamp":"2024-11-26T21:17:54Z"}
{"event_id":"c5ef1750-e575-414c-bbdc-5df6d4504934","level":"info","msg":"Successfully retrieved project","project_id":"674633f9103a00813298920f","source":"project-server","time":"2024-11-26T21:17:54Z","timestamp":"2024-11-26T21:17:54Z"}
{"event_id":"d76346be-9087-4c05-aeba-cd7745917116","level":"info","msg":"Processing request for user ID","role":"manager","source":"project-server","time":"2024-11-26T21:33:53Z","timestamp":"2024-11-26T21:33:53Z","user_id":"67411ded8c20cc34ca06caa7"}
{"event_id":"1b4e0ade-3166-4671-9b8e-0daed9db727d","level":"info","msg":"Fetching projects for manager","role":"manager","source":"project-server","time":"2024-11-26T21:33:53Z","timestamp":"2024-11-26T21:33:53Z","user_id":"67411ded8c20cc34ca06caa7"}
{"event_id":"482c98b7-34aa-4982-8277-f9560886605b","level":"info","msg":"Successfully fetched projects for user","role":"manager","source":"project-server","time":"2024-11-26T21:33:53Z","timestamp":"2024-11-26T21:33:53Z","user_id":"67411ded8c20cc34ca06caa7"}
{"event_id":"c63c201e-01a4-45d1-a98a-e0b3b8a95b47","level":"info","msg":"Processing request for user ID","role":"manager","source":"project-server","time":"2024-11-26T21:33:53Z","timestamp":"2024-11-26T21:33:53Z","user_id":"67411ded8c20cc34ca06caa7"}
{"event_id":"cea48f18-48d6-41e6-a80f-7fcc2852b7f3","level":"info","msg":"Fetching projects for manager","role":"manager","source":"project-server","time":"2024-11-26T21:33:53Z","timestamp":"2024-11-26T21:33:53Z","user_id":"67411ded8c20cc34ca06caa7"}
{"event_id":"f4029b39-ce42-4534-8360-0df68cfa3e89","level":"info","msg":"Successfully fetched projects for user","role":"manager","source":"project-server","time":"2024-11-26T21:33:53Z","timestamp":"2024-11-26T21:33:53Z","user_id":"67411ded8c20cc34ca06caa7"}
{"event_id":"8e9ef00c-f4ca-4c2d-8789-9148461f4d1d","level":"info","msg":"Fetching project by ID","project_id":"674633f9103a00813298920f","source":"project-server","time":"2024-11-26T21:33:55Z","timestamp":"2024-11-26T21:33:55Z"}
{"event_id":"3a0f4e6f-312a-4e13-9190-477e8744f68b","level":"info","msg":"Successfully retrieved project","project_id":"674633f9103a00813298920f","source":"project-server","time":"2024-11-26T21:33:55Z","timestamp":"2024-11-26T21:33:55Z"}
{"event_id":"6466ae26-1df9-4507-88f7-78a4a74bd11d","level":"info","msg":"Fetching project by ID","project_id":"674633f9103a00813298920f","source":"project-server","time":"2024-11-26T21:33:55Z","timestamp":"2024-11-26T21:33:55Z"}
{"event_id":"b9516736-3a28-4259-9288-e4cc2ae95f4f","level":"info","msg":"Successfully retrieved project","project_id":"674633f9103a00813298920f","source":"project-server","time":"2024-11-26T21:33:55Z","timestamp":"2024-11-26T21:33:55Z"}
{"event_id":"cd81d6ae-4673-451d-aee2-5811c164ab10","level":"info","msg":"Processing request for user ID","role":"manager","source":"project-server","time":"2024-11-26T21:40:05Z","timestamp":"2024-11-26T21:40:05Z","user_id":"67411ded8c20cc34ca06caa7"}
{"event_id":"06060d97-0caa-436a-8d1e-9daa51d4b3c3","level":"info","msg":"Fetching projects for manager","role":"manager","source":"project-server","time":"2024-11-26T21:40:05Z","timestamp":"2024-11-26T21:40:05Z","user_id":"67411ded8c20cc34ca06caa7"}
{"event_id":"3833be5c-d761-4663-b7cc-7e2167bfcf60","level":"info","msg":"Successfully fetched projects for user","role":"manager","source":"project-server","time":"2024-11-26T21:40:05Z","timestamp":"2024-11-26T21:40:05Z","user_id":"67411ded8c20cc34ca06caa7"}
{"event_id":"c424566e-f5ae-450a-ba9c-106dc52e8745","level":"info","msg":"Processing request for user ID","role":"manager","source":"project-server","time":"2024-11-26T21:40:05Z","timestamp":"2024-11-26T21:40:05Z","user_id":"67411ded8c20cc34ca06caa7"}
{"event_id":"51f247c1-eafd-4a8b-ab36-70e3ffc39901","level":"info","msg":"Fetching projects for manager","role":"manager","source":"project-server","time":"2024-11-26T21:40:05Z","timestamp":"2024-11-26T21:40:05Z","user_id":"67411ded8c20cc34ca06caa7"}
{"event_id":"eb9a4e1d-c15d-4a22-bc03-16a938ab53a8","level":"info","msg":"Successfully fetched projects for user","role":"manager","source":"project-server","time":"2024-11-26T21:40:05Z","timestamp":"2024-11-26T21:40:05Z","user_id":"67411ded8c20cc34ca06caa7"}
{"event_id":"b620b51c-641c-4687-8bc4-470f8a0e9083","level":"info","msg":"Fetching project by ID","project_id":"674633f9103a00813298920f","source":"project-server","time":"2024-11-26T21:40:06Z","timestamp":"2024-11-26T21:40:06Z"}
{"event_id":"02a7222e-45b2-4958-a24a-d54a1405b7c7","level":"info","msg":"Successfully retrieved project","project_id":"674633f9103a00813298920f","source":"project-server","time":"2024-11-26T21:40:06Z","timestamp":"2024-11-26T21:40:06Z"}
{"event_id":"f002db1e-f8b9-44d4-9b27-2b2aa2060a0c","level":"info","msg":"Fetching project by ID","project_id":"674633f9103a00813298920f","source":"project-server","time":"2024-11-26T21:40:06Z","timestamp":"2024-11-26T21:40:06Z"}
{"event_id":"31c69d56-efc1-4518-baba-03840573b1a2","level":"info","msg":"Successfully retrieved project","project_id":"674633f9103a00813298920f","source":"project-server","time":"2024-11-26T21:40:06Z","timestamp":"2024-11-26T21:40:06Z"}
{"event_id":"765cbc87-890a-41c8-a4dd-ebf58a013fd2","level":"info","msg":"Fetching project by ID","project_id":"674633f9103a00813298920f","source":"project-server","time":"2024-11-26T21:43:36Z","timestamp":"2024-11-26T21:43:36Z"}
{"event_id":"8413e541-0b7c-42aa-b334-11e4aa1a1b31","level":"info","msg":"Successfully retrieved project","project_id":"674633f9103a00813298920f","source":"project-server","time":"2024-11-26T21:43:36Z","timestamp":"2024-11-26T21:43:36Z"}
{"event_id":"0a6a3d11-37ed-4cb4-8564-00b47e2c7c49","level":"info","msg":"Fetching project by ID","project_id":"674633f9103a00813298920f","source":"project-server","time":"2024-11-26T21:43:37Z","timestamp":"2024-11-26T21:43:37Z"}
{"event_id":"e120191a-25dd-47b3-9009-821a2a907025","level":"info","msg":"Successfully retrieved project","project_id":"674633f9103a00813298920f","source":"project-server","time":"2024-11-26T21:43:37Z","timestamp":"2024-11-26T21:43:37Z"}
{"event_id":"fe820267-c832-45b5-a9bd-865cf2e6ecfc","level":"info","msg":"Fetching project by ID","project_id":"674633f9103a00813298920f","source":"project-server","time":"2024-11-26T21:43:39Z","timestamp":"2024-11-26T21:43:39Z"}
{"event_id":"a9335975-d041-456d-adeb-913fef876c00","level":"info","msg":"Successfully retrieved project","project_id":"674633f9103a00813298920f","source":"project-server","time":"2024-11-26T21:43:39Z","timestamp":"2024-11-26T21:43:39Z"}
{"event_id":"449555f2-2b04-445d-974f-ec36221cc066","level":"info","msg":"Fetching project by ID","project_id":"674633f9103a00813298920f","source":"project-server","time":"2024-11-26T21:43:40Z","timestamp":"2024-11-26T21:43:40Z"}
{"event_id":"013a6193-1d7e-4d35-8974-536f82e35e84","level":"info","msg":"Successfully retrieved project","project_id":"674633f9103a00813298920f","source":"project-server","time":"2024-11-26T21:43:40Z","timestamp":"2024-11-26T21:43:40Z"}
{"event_id":"5d3e1dff-6db4-4b2c-90a4-322eef353f54","level":"info","msg":"Processing request for user ID","role":"manager","source":"project-server","time":"2024-11-29T09:22:40Z","timestamp":"2024-11-29T09:22:40Z","user_id":"673db1664b0c42a2fc783354"}
{"event_id":"1d086cad-f34d-4031-b0ef-f20632bb4f24","level":"info","msg":"Fetching projects for manager","role":"manager","source":"project-server","time":"2024-11-29T09:22:40Z","timestamp":"2024-11-29T09:22:40Z","user_id":"673db1664b0c42a2fc783354"}
{"event_id":"f74273f3-0d3f-4137-984c-6f06ab0ef43f","level":"info","msg":"Successfully fetched projects for user","role":"manager","source":"project-server","time":"2024-11-29T09:22:40Z","timestamp":"2024-11-29T09:22:40Z","user_id":"673db1664b0c42a2fc783354"}
{"event_id":"b841d5da-9c0f-4f28-bcda-2fa986475e60","level":"info","msg":"Processing request for user ID","role":"manager","source":"project-server","time":"2024-11-29T09:22:40Z","timestamp":"2024-11-29T09:22:40Z","user_id":"673db1664b0c42a2fc783354"}
{"event_id":"06dea871-f328-4ffb-af7f-711cb1303bcc","level":"info","msg":"Fetching projects for manager","role":"manager","source":"project-server","time":"2024-11-29T09:22:40Z","timestamp":"2024-11-29T09:22:40Z","user_id":"673db1664b0c42a2fc783354"}
{"event_id":"05f80686-286e-46c5-8296-e2df0a77e738","level":"info","msg":"Successfully fetched projects for user","role":"manager","source":"project-server","time":"2024-11-29T09:22:40Z","timestamp":"2024-11-29T09:22:40Z","user_id":"673db1664b0c42a2fc783354"}
{"event_id":"9b825f82-ca20-44ea-b018-f9cef1d2f613","level":"info","msg":"Fetching project by ID","project_id":"6744dcd0c1fadab64086bf21","source":"project-server","time":"2024-11-29T09:23:30Z","timestamp":"2024-11-29T09:23:30Z"}
{"event_id":"b1506491-d0b6-4c81-98d4-82a1970d75b4","level":"info","msg":"Successfully retrieved project","project_id":"6744dcd0c1fadab64086bf21","source":"project-server","time":"2024-11-29T09:23:30Z","timestamp":"2024-11-29T09:23:30Z"}
{"event_id":"b6f19c07-f5df-483b-982a-61a79e69026e","level":"info","msg":"Fetching project by ID","project_id":"6744dcd0c1fadab64086bf21","source":"project-server","time":"2024-11-29T09:23:31Z","timestamp":"2024-11-29T09:23:31Z"}
{"event_id":"80a07665-c1d6-4e96-91a5-cf613d15f158","level":"info","msg":"Successfully retrieved project","project_id":"6744dcd0c1fadab64086bf21","source":"project-server","time":"2024-11-29T09:23:31Z","timestamp":"2024-11-29T09:23:31Z"}
{"event_id":"e4244000-45fa-4b41-b250-313135667f31","level":"info","msg":"Processing request for user ID","role":"manager","source":"project-server","time":"2024-11-29T09:24:57Z","timestamp":"2024-11-29T09:24:57Z","user_id":"673db1664b0c42a2fc783354"}
{"event_id":"b9473966-9287-49b6-80f5-d7ed4f4b41cf","level":"info","msg":"Fetching projects for manager","role":"manager","source":"project-server","time":"2024-11-29T09:24:57Z","timestamp":"2024-11-29T09:24:57Z","user_id":"673db1664b0c42a2fc783354"}
{"event_id":"14bcc825-ed71-4a17-b91e-40b517a42962","level":"info","msg":"Successfully fetched projects for user","role":"manager","source":"project-server","time":"2024-11-29T09:24:57Z","timestamp":"2024-11-29T09:24:57Z","user_id":"673db1664b0c42a2fc783354"}
{"event_id":"43f1ba8e-06ee-4d45-9704-3dfaf6e201cf","level":"info","msg":"Processing request for user ID","role":"manager","source":"project-server","time":"2024-11-29T09:24:57Z","timestamp":"2024-11-29T09:24:57Z","user_id":"673db1664b0c42a2fc783354"}
{"event_id":"2fd1fd11-2fc9-43af-a553-05259cd5f122","level":"info","msg":"Fetching projects for manager","role":"manager","source":"project-server","time":"2024-11-29T09:24:57Z","timestamp":"2024-11-29T09:24:57Z","user_id":"673db1664b0c42a2fc783354"}
{"event_id":"4e736790-f6e9-45c0-8657-93a2273667b4","level":"info","msg":"Successfully fetched projects for user","role":"manager","source":"project-server","time":"2024-11-29T09:24:57Z","timestamp":"2024-11-29T09:24:57Z","user_id":"673db1664b0c42a2fc783354"}
{"event_id":"dbd5221e-5b01-41ff-8fcb-4e0e2824b86e","level":"info","msg":"Processing request for user ID","role":"manager","source":"project-server","time":"2024-11-29T09:25:49Z","timestamp":"2024-11-29T09:25:49Z","user_id":"673db1664b0c42a2fc783354"}
{"event_id":"64f0e3be-fc05-4ce2-b6ff-fcf075797e07","level":"info","msg":"Fetching projects for manager","role":"manager","source":"project-server","time":"2024-11-29T09:25:49Z","timestamp":"2024-11-29T09:25:49Z","user_id":"673db1664b0c42a2fc783354"}
{"event_id":"990379c0-782a-4222-a106-99f3fb634643","level":"info","msg":"Successfully fetched projects for user","role":"manager","source":"project-server","time":"2024-11-29T09:25:49Z","timestamp":"2024-11-29T09:25:49Z","user_id":"673db1664b0c42a2fc783354"}
{"event_id":"ab921754-1212-4f77-b09f-8b7fde412e1f","level":"info","msg":"Processing request for user ID","role":"manager","source":"project-server","time":"2024-11-29T09:25:49Z","timestamp":"2024-11-29T09:25:49Z","user_id":"673db1664b0c42a2fc783354"}
{"event_id":"891f5101-4181-4884-b5e8-929c047b0e65","level":"info","msg":"Fetching projects for manager","role":"manager","source":"project-server","time":"2024-11-29T09:25:49Z","timestamp":"2024-11-29T09:25:49Z","user_id":"673db1664b0c42a2fc783354"}
{"event_id":"1b1c98a2-1795-4fb5-8dd4-8bd26e90faff","level":"info","msg":"Successfully fetched projects for user","role":"manager","source":"project-server","time":"2024-11-29T09:25:49Z","timestamp":"2024-11-29T09:25:49Z","user_id":"673db1664b0c42a2fc783354"}
{"event_id":"016d7ee6-457c-4ae9-901c-4c54f5d42169","level":"info","msg":"Fetching project by ID","project_id":"673db1921a69fec0eaa0e2c5","source":"project-server","time":"2024-11-29T09:26:58Z","timestamp":"2024-11-29T09:26:58Z"}
{"event_id":"199835dc-dea7-449e-95ab-01380305c9e8","level":"info","msg":"Successfully retrieved project","project_id":"673db1921a69fec0eaa0e2c5","source":"project-server","time":"2024-11-29T09:26:58Z","timestamp":"2024-11-29T09:26:58Z"}
{"event_id":"27d05dab-6efd-4539-8b02-13ba3bd0509a","level":"info","msg":"Fetching project by ID","project_id":"673db1921a69fec0eaa0e2c5","source":"project-server","time":"2024-11-29T09:26:58Z","timestamp":"2024-11-29T09:26:58Z"}
{"event_id":"9a857c7d-3c12-4d07-9d76-2e2adbdbc009","level":"info","msg":"Successfully retrieved project","project_id":"673db1921a69fec0eaa0e2c5","source":"project-server","time":"2024-11-29T09:26:58Z","timestamp":"2024-11-29T09:26:58Z"}
{"event_id":"1444372e-9203-4281-8ee0-29c685a884e3","level":"info","msg":"Processing request for user ID","role":"manager","source":"project-server","time":"2024-11-29T10:35:41Z","timestamp":"2024-11-29T10:35:41Z","user_id":"674998d521442d190041e800"}
{"event_id":"c74da7e4-67b0-4ec1-8869-8b97167608e6","level":"info","msg":"Fetching projects for manager","role":"manager","source":"project-server","time":"2024-11-29T10:35:41Z","timestamp":"2024-11-29T10:35:41Z","user_id":"674998d521442d190041e800"}
{"event_id":"baf096a3-4913-4fb5-86aa-168332403130","level":"warning","msg":"No projects found for user","role":"manager","source":"project-server","time":"2024-11-29T10:35:41Z","timestamp":"2024-11-29T10:35:41Z","user_id":"674998d521442d190041e800"}
{"event_id":"1f727546-a710-4d17-9a00-beba0a21b594","level":"info","msg":"Processing request for user ID","role":"manager","source":"project-server","time":"2024-11-29T10:35:41Z","timestamp":"2024-11-29T10:35:41Z","user_id":"674998d521442d190041e800"}
{"event_id":"ce4ff960-f550-4185-bbbe-5f3c11e5f2b3","level":"info","msg":"Fetching projects for manager","role":"manager","source":"project-server","time":"2024-11-29T10:35:41Z","timestamp":"2024-11-29T10:35:41Z","user_id":"674998d521442d190041e800"}
{"event_id":"191de1ad-0130-45b6-854f-79d5be86f4f8","level":"warning","msg":"No projects found for user","role":"manager","source":"project-server","time":"2024-11-29T10:35:41Z","timestamp":"2024-11-29T10:35:41Z","user_id":"674998d521442d190041e800"}
{"event_id":"736a0c93-738a-409a-a7d1-1a784c23f490","level":"info","msg":"Received project for insertion","project_id":"000000000000000000000000","project_name":"bitByBit","source":"project-server","time":"2024-11-29T10:35:58Z","timestamp":"2024-11-29T10:35:58Z"}
{"event_id":"8b94a4ee-56d7-4782-acd6-e8a0aef68093","level":"info","msg":"Successfully create project","project_id":"000000000000000000000000","project_name":"bitByBit","source":"project-server","time":"2024-11-29T10:35:58Z","timestamp":"2024-11-29T10:35:58Z"}
{"event_id":"77671bf5-99cd-4f25-b137-672f4bc6bf1b","level":"info","msg":"Processing request for user ID","role":"manager","source":"project-server","time":"2024-11-29T10:35:58Z","timestamp":"2024-11-29T10:35:58Z","user_id":"674998d521442d190041e800"}
{"event_id":"ee0ccc2d-6526-4925-9278-14f63e1b7e20","level":"info","msg":"Fetching projects for manager","role":"manager","source":"project-server","time":"2024-11-29T10:35:58Z","timestamp":"2024-11-29T10:35:58Z","user_id":"674998d521442d190041e800"}
{"event_id":"95e08472-9f76-4b17-b95a-9ed4569ae530","level":"info","msg":"Successfully fetched projects for user","role":"manager","source":"project-server","time":"2024-11-29T10:35:58Z","timestamp":"2024-11-29T10:35:58Z","user_id":"674998d521442d190041e800"}
{"event_id":"341f0395-9671-4e82-9ae5-fbf3f9edb3d2","level":"info","msg":"Fetching project by ID","project_id":"6749990ecca9348d6747fd82","source":"project-server","time":"2024-11-29T10:36:17Z","timestamp":"2024-11-29T10:36:17Z"}
{"event_id":"a9c8950e-aec3-40e3-a6e7-78f0361e11ac","level":"info","msg":"Successfully retrieved project","project_id":"6749990ecca9348d6747fd82","source":"project-server","time":"2024-11-29T10:36:17Z","timestamp":"2024-11-29T10:36:17Z"}
{"event_id":"07f2059b-8481-4de2-86ef-ae068bacddbc","level":"info","msg":"Fetching project by ID","project_id":"6749990ecca9348d6747fd82","source":"project-server","time":"2024-11-29T10:36:33Z","timestamp":"2024-11-29T10:36:33Z"}
{"event_id":"09b4cc14-9875-4eb1-b086-2a7abb88d3ba","level":"info","msg":"Successfully retrieved project","project_id":"6749990ecca9348d6747fd82","source":"project-server","time":"2024-11-29T10:36:33Z","timestamp":"2024-11-29T10:36:33Z"}
{"event_id":"266c95fb-9bf3-44dd-ae44-89de4ba3edb8","level":"info","msg":"Processing request for user ID","role":"manager","source":"project-server","time":"2024-11-29T10:36:42Z","timestamp":"2024-11-29T10:36:42Z","user_id":"674998d521442d190041e800"}
{"event_id":"862a7061-fc6c-4ec1-8d50-26c10ae9ef69","level":"info","msg":"Fetching projects for manager","role":"manager","source":"project-server","time":"2024-11-29T10:36:42Z","timestamp":"2024-11-29T10:36:42Z","user_id":"674998d521442d190041e800"}
{"event_id":"320f72ec-6afb-446d-9f96-1e68d840d3ba","level":"info","msg":"Successfully fetched projects for user","role":"manager","source":"project-server","time":"2024-11-29T10:36:42Z","timestamp":"2024-11-29T10:36:42Z","user_id":"674998d521442d190041e800"}
{"event_id":"acf9c3f3-c27a-4b29-a0fc-daf3cde7d04c","level":"info","msg":"Processing request for user ID","role":"manager","source":"project-server","time":"2024-11-29T10:36:42Z","timestamp":"2024-11-29T10:36:42Z","user_id":"674998d521442d190041e800"}
{"event_id":"adc36e42-9122-45cd-8d9e-a5eea61c1399","level":"info","msg":"Fetching projects for manager","role":"manager","source":"project-server","time":"2024-11-29T10:36:42Z","timestamp":"2024-11-29T10:36:42Z","user_id":"674998d521442d190041e800"}
{"event_id":"373feaf9-d61c-46cc-9118-c2f9f093bca3","level":"info","msg":"Successfully fetched projects for user","role":"manager","source":"project-server","time":"2024-11-29T10:36:42Z","timestamp":"2024-11-29T10:36:42Z","user_id":"674998d521442d190041e800"}
{"event_id":"bdd1fcad-fa19-44f9-b7b3-6b7ad1770dc2","level":"info","msg":"Fetching project by ID","project_id":"6749990ecca9348d6747fd82","source":"project-server","time":"2024-11-29T10:36:44Z","timestamp":"2024-11-29T10:36:44Z"}
{"event_id":"64d2c814-3826-4f4e-8912-b4263126eebd","level":"info","msg":"Successfully retrieved project","project_id":"6749990ecca9348d6747fd82","source":"project-server","time":"2024-11-29T10:36:44Z","timestamp":"2024-11-29T10:36:44Z"}
{"event_id":"aeb0821e-dc24-4e28-a328-2433f109357f","level":"info","msg":"Processing request for user ID","role":"member","source":"project-server","time":"2024-11-29T10:37:42Z","timestamp":"2024-11-29T10:37:42Z","user_id":"6749995321442d190041e801"}
{"event_id":"c715cc5e-962d-44dd-8118-d9f31a9ff913","level":"info","msg":"Fetching projects for member","role":"member","source":"project-server","time":"2024-11-29T10:37:42Z","timestamp":"2024-11-29T10:37:42Z","user_id":"6749995321442d190041e801"}
{"event_id":"19e4d364-ef34-4009-8af3-0dfb92d4a709","level":"warning","msg":"No projects found for user","role":"member","source":"project-server","time":"2024-11-29T10:37:42Z","timestamp":"2024-11-29T10:37:42Z","user_id":"6749995321442d190041e801"}
{"event_id":"12e75580-d163-4c83-8cad-51676365b784","level":"info","msg":"Processing request for user ID","role":"member","source":"project-server","time":"2024-11-29T10:37:42Z","timestamp":"2024-11-29T10:37:42Z","user_id":"6749995321442d190041e801"}
{"event_id":"1502bcbd-0f9a-488e-ac37-56e01dbe7cbe","level":"info","msg":"Fetching projects for member","role":"member","source":"project-server","time":"2024-11-29T10:37:42Z","timestamp":"2024-11-29T10:37:42Z","user_id":"6749995321442d190041e801"}
{"event_id":"cf00216d-5533-47cc-b4a9-530bc0234adc","level":"warning","msg":"No projects found for user","role":"member","source":"project-server","time":"2024-11-29T10:37:42Z","timestamp":"2024-11-29T10:37:42Z","user_id":"6749995321442d190041e801"}
{"event_id":"47e6c325-7dec-413d-8696-9541ccf8ab9c","level":"info","msg":"Processing request for user ID","role":"manager","source":"project-server","time":"2024-11-29T10:38:10Z","timestamp":"2024-11-29T10:38:10Z","user_id":"674998d521442d190041e800"}
{"event_id":"889807b4-b5f5-4a66-87bb-ab403a04cb6b","level":"info","msg":"Fetching projects for manager","role":"manager","source":"project-server","time":"2024-11-29T10:38:10Z","timestamp":"2024-11-29T10:38:10Z","user_id":"674998d521442d190041e800"}
{"event_id":"732c8e23-31cf-4080-9710-8d8d72cd69d9","level":"info","msg":"Successfully fetched projects for user","role":"manager","source":"project-server","time":"2024-11-29T10:38:10Z","timestamp":"2024-11-29T10:38:10Z","user_id":"674998d521442d190041e800"}
{"event_id":"d3dac867-85d0-4bce-8a6e-aa9dd6a4b747","level":"info","msg":"Processing request for user ID","role":"manager","source":"project-server","time":"2024-11-29T10:38:10Z","timestamp":"2024-11-29T10:38:10Z","user_id":"674998d521442d190041e800"}
{"event_id":"aee82943-2d1f-4cb0-8dd2-e4b737d116ed","level":"info","msg":"Fetching projects for manager","role":"manager","source":"project-server","time":"2024-11-29T10:38:10Z","timestamp":"2024-11-29T10:38:10Z","user_id":"674998d521442d190041e800"}
{"event_id":"626618e4-58e1-442a-bc45-d94dce7ff8f2","level":"info","msg":"Successfully fetched projects for user","role":"manager","source":"project-server","time":"2024-11-29T10:38:10Z","timestamp":"2024-11-29T10:38:10Z","user_id":"674998d521442d190041e800"}
{"event_id":"0d8447c3-14cd-4ac4-84dc-efd349d2661c","level":"info","msg":"Fetching project by ID","project_id":"6749990ecca9348d6747fd82","source":"project-server","time":"2024-11-29T10:38:12Z","timestamp":"2024-11-29T10:38:12Z"}
{"event_id":"4a9496f4-173b-4184-b89b-13cc2d530286","level":"info","msg":"Successfully retrieved project","project_id":"6749990ecca9348d6747fd82","source":"project-server","time":"2024-11-29T10:38:12Z","timestamp":"2024-11-29T10:38:12Z"}
{"event_id":"9e77433f-56eb-4b5c-b5bb-0eeda7ca6d59","level":"info","msg":"Fetching project by ID","project_id":"6749990ecca9348d6747fd82","source":"project-server","time":"2024-11-29T10:38:12Z","timestamp":"2024-11-29T10:38:12Z"}
{"event_id":"9b68f926-b152-4fb2-b571-be0fd1a1d93e","level":"info","msg":"Successfully retrieved project","project_id":"6749990ecca9348d6747fd82","source":"project-server","time":"2024-11-29T10:38:12Z","timestamp":"2024-11-29T10:38:12Z"}
{"event_id":"d5e2debe-57f9-4cda-a10a-5308cd616c67","level":"info","msg":"Messages sent to NATS for added users","project_id":"6749990ecca9348d6747fd82","source":"project-server","time":"2024-11-29T10:38:18Z","timestamp":"2024-11-29T10:38:18Z","user_ids":["6749995321442d190041e801"]}
{"event_id":"15d161b4-9240-4dde-9773-c6fec174a3da","level":"info","msg":"Fetching project by ID","project_id":"6749990ecca9348d6747fd82","source":"project-server","time":"2024-11-29T10:38:22Z","timestamp":"2024-11-29T10:38:22Z"}
{"event_id":"51b1a29b-cb1f-4de5-90b0-2a1d4417f6d0","level":"info","msg":"Successfully retrieved project","project_id":"6749990ecca9348d6747fd82","source":"project-server","time":"2024-11-29T10:38:22Z","timestamp":"2024-11-29T10:38:22Z"}
{"event_id":"fcbf8855-065e-4c83-b8f8-1ec309eb1239","level":"info","msg":"Fetching project by ID","project_id":"6749990ecca9348d6747fd82","source":"project-server","time":"2024-11-29T10:38:22Z","timestamp":"2024-11-29T10:38:22Z"}
{"event_id":"c0c9525f-d603-4592-b716-8181f37b4f6c","level":"info","msg":"Successfully retrieved project","project_id":"6749990ecca9348d6747fd82","source":"project-server","time":"2024-11-29T10:38:22Z","timestamp":"2024-11-29T10:38:22Z"}
{"event_id":"cd95afbc-0634-4d23-8454-add11c75cf49","level":"info","msg":"Processing request for user ID","role":"manager","source":"project-server","time":"2024-11-29T10:43:42Z","timestamp":"2024-11-29T10:43:42Z","user_id":"674998d521442d190041e800"}
{"event_id":"3b8f0354-5b86-4e84-967a-f32603122414","level":"info","msg":"Fetching projects for manager","role":"manager","source":"project-server","time":"2024-11-29T10:43:42Z","timestamp":"2024-11-29T10:43:42Z","user_id":"674998d521442d190041e800"}
{"event_id":"760ee064-0fd5-45c0-b331-d64fbefc9b25","level":"info","msg":"Successfully fetched projects for user","role":"manager","source":"project-server","time":"2024-11-29T10:43:42Z","timestamp":"2024-11-29T10:43:42Z","user_id":"674998d521442d190041e800"}
{"event_id":"98807cef-dfd3-40f9-8eb8-9fb0ac95431c","level":"info","msg":"Processing request for user ID","role":"manager","source":"project-server","time":"2024-11-29T10:43:42Z","timestamp":"2024-11-29T10:43:42Z","user_id":"674998d521442d190041e800"}
{"event_id":"822ab89b-48e3-4995-9dfb-3c9e71e02941","level":"info","msg":"Fetching projects for manager","role":"manager","source":"project-server","time":"2024-11-29T10:43:42Z","timestamp":"2024-11-29T10:43:42Z","user_id":"674998d521442d190041e800"}
{"event_id":"d9ab6890-e294-48b7-9c68-63eada8e0f91","level":"info","msg":"Successfully fetched projects for user","role":"manager","source":"project-server","time":"2024-11-29T10:43:42Z","timestamp":"2024-11-29T10:43:42Z","user_id":"674998d521442d190041e800"}
{"event_id":"048c3647-7a17-454c-aaff-e13a1e41a3c2","level":"info","msg":"Fetching project by ID","project_id":"6749990ecca9348d6747fd82","source":"project-server","time":"2024-11-29T10:43:44Z","timestamp":"2024-11-29T10:43:44Z"}
{"event_id":"a9aa1e82-97be-4ddf-96f0-0b4a438cfa9d","level":"info","msg":"Successfully retrieved project","project_id":"6749990ecca9348d6747fd82","source":"project-server","time":"2024-11-29T10:43:44Z","timestamp":"2024-11-29T10:43:44Z"}
{"event_id":"7d9a9c2b-8226-40ce-adac-3246f0a78e89","level":"info","msg":"Fetching project by ID","project_id":"6749990ecca9348d6747fd82","source":"project-server","time":"2024-11-29T10:43:44Z","timestamp":"2024-11-29T10:43:44Z"}
{"event_id":"dfc37b59-439f-4967-9ad1-e348cbcb0045","level":"info","msg":"Successfully retrieved project","project_id":"6749990ecca9348d6747fd82","source":"project-server","time":"2024-11-29T10:43:44Z","timestamp":"2024-11-29T10:43:44Z"}
{"event_id":"3369e0e6-a3b1-4b74-91ae-402cac76de25","level":"info","msg":"Processing request for user ID","role":"manager","source":"project-server","time":"2024-11-29T10:57:32Z","timestamp":"2024-11-29T10:57:32Z","user_id":"674998d521442d190041e800"}
{"event_id":"ae7fbbe5-f1a2-48a2-b4aa-4d5b823d8044","level":"info","msg":"Fetching projects for manager","role":"manager","source":"project-server","time":"2024-11-29T10:57:32Z","timestamp":"2024-11-29T10:57:32Z","user_id":"674998d521442d190041e800"}
{"event_id":"c04e6711-6bb0-4362-a36f-1065ed89937e","level":"info","msg":"Successfully fetched projects for user","role":"manager","source":"project-server","time":"2024-11-29T10:57:32Z","timestamp":"2024-11-29T10:57:32Z","user_id":"674998d521442d190041e800"}
{"event_id":"f422295f-31de-4b3e-b4c4-7c3d307d2b60","level":"info","msg":"Processing request for user ID","role":"manager","source":"project-server","time":"2024-11-29T10:57:32Z","timestamp":"2024-11-29T10:57:32Z","user_id":"674998d521442d190041e800"}
{"event_id":"baa09e16-6f16-43b6-b32e-75bec676bbee","level":"info","msg":"Fetching projects for manager","role":"manager","source":"project-server","time":"2024-11-29T10:57:32Z","timestamp":"2024-11-29T10:57:32Z","user_id":"674998d521442d190041e800"}
{"event_id":"484b6814-0b0b-418c-85ed-9c064a87d563","level":"info","msg":"Successfully fetched projects for user","role":"manager","source":"project-server","time":"2024-11-29T10:57:32Z","timestamp":"2024-11-29T10:57:32Z","user_id":"674998d521442d190041e800"}
{"event_id":"2583891a-9def-4c51-9e4e-e4da1cbfee37","level":"info","msg":"Fetching project by ID","project_id":"6749990ecca9348d6747fd82","source":"project-server","time":"2024-11-29T10:57:36Z","timestamp":"2024-11-29T10:57:36Z"}
{"event_id":"3880f85c-cb92-49c0-a7ed-183d83d1e367","level":"info","msg":"Fetching project by ID","project_id":"6749990ecca9348d6747fd82","source":"project-server","time":"2024-11-29T10:57:36Z","timestamp":"2024-11-29T10:57:36Z"}
{"event_id":"d27c7d11-6d6f-4ebf-b08e-196d7545df9f","level":"info","msg":"Successfully retrieved project","project_id":"6749990ecca9348d6747fd82","source":"project-server","time":"2024-11-29T10:57:36Z","timestamp":"2024-11-29T10:57:36Z"}
{"event_id":"f1ed9c16-03a7-49e4-8eac-7387f721bb5b","level":"info","msg":"Successfully retrieved project","project_id":"6749990ecca9348d6747fd82","source":"project-server","time":"2024-11-29T10:57:36Z","timestamp":"2024-11-29T10:57:36Z"}
{"event_id":"932f57b1-8ef0-4348-9849-717e14cb67c2","level":"info","msg":"Processing request for user ID","role":"manager","source":"project-server","time":"2024-11-29T11:16:17Z","timestamp":"2024-11-29T11:16:17Z","user_id":"674998d521442d190041e800"}
{"event_id":"6b71cdd8-0609-4038-9571-37ccb98dd1f1","level":"info","msg":"Fetching projects for manager","role":"manager","source":"project-server","time":"2024-11-29T11:16:17Z","timestamp":"2024-11-29T11:16:17Z","user_id":"674998d521442d190041e800"}
{"event_id":"13f20d46-f242-46e3-a001-6202a5d07c8e","level":"info","msg":"Successfully fetched projects for user","role":"manager","source":"project-server","time":"2024-11-29T11:16:17Z","timestamp":"2024-11-29T11:16:17Z","user_id":"674998d521442d190041e800"}
{"event_id":"fd6c939d-42b9-46e3-9384-d4122dbb10f9","level":"info","msg":"Processing request for user ID","role":"manager","source":"project-server","time":"2024-11-29T11:16:17Z","timestamp":"2024-11-29T11:16:17Z","user_id":"674998d521442d190041e800"}
{"event_id":"a1304c86-a928-4278-840e-afbd05454e65","level":"info","msg":"Fetching projects for manager","role":"manager","source":"project-server","time":"2024-11-29T11:16:17Z","timestamp":"2024-11-29T11:16:17Z","user_id":"674998d521442d190041e800"}
{"event_id":"f33d1791-a269-4b0a-89e1-a6b1bf3e1bf4","level":"info","msg":"Successfully fetched projects for user","role":"manager","source":"project-server","time":"2024-11-29T11:16:17Z","timestamp":"2024-11-29T11:16:17Z","user_id":"674998d521442d190041e800"}
{"event_id":"e13751b0-0fa1-470b-922e-02d892c370a5","level":"info","msg":"Fetching project by ID","project_id":"6749990ecca9348d6747fd82","source":"project-server","time":"2024-11-29T11:16:21Z","timestamp":"2024-11-29T11:16:21Z"}
{"event_id":"42bea7e1-ac59-466e-9e17-cf03fc7944f0","level":"info","msg":"Successfully retrieved project","project_id":"6749990ecca9348d6747fd82","source":"project-server","time":"2024-11-29T11:16:21Z","timestamp":"2024-11-29T11:16:21Z"}
{"event_id":"e8405f3c-4474-4cf5-b012-04cb3e367f53","level":"info","msg":"Fetching project by ID","project_id":"6749990ecca9348d6747fd82","source":"project-server","time":"2024-11-29T11:16:22Z","timestamp":"2024-11-29T11:16:22Z"}
{"event_id":"87a6ca2e-9001-4a48-8ea5-ee457d3ec8cf","level":"info","msg":"Successfully retrieved project","project_id":"6749990ecca9348d6747fd82","source":"project-server","time":"2024-11-29T11:16:22Z","timestamp":"2024-11-29T11:16:22Z"}
{"event_id":"5d86aab7-c71d-49c6-85cf-fafade488732","level":"info","msg":"Processing request for user ID","role":"manager","source":"project-server","time":"2024-11-29T11:23:42Z","timestamp":"2024-11-29T11:23:42Z","user_id":"674998d521442d190041e800"}
{"event_id":"13112339-1ce6-471e-b2e0-cee6885631a3","level":"info","msg":"Fetching projects for manager","role":"manager","source":"project-server","time":"2024-11-29T11:23:42Z","timestamp":"2024-11-29T11:23:42Z","user_id":"674998d521442d190041e800"}
{"event_id":"aafa898d-92c5-4f4a-8e29-cc99bfcc5279","level":"info","msg":"Successfully fetched projects for user","role":"manager","source":"project-server","time":"2024-11-29T11:23:42Z","timestamp":"2024-11-29T11:23:42Z","user_id":"674998d521442d190041e800"}
{"event_id":"64e828f5-1778-4135-8518-29eda02a1043","level":"info","msg":"Processing request for user ID","role":"manager","source":"project-server","time":"2024-11-29T11:23:42Z","timestamp":"2024-11-29T11:23:42Z","user_id":"674998d521442d190041e800"}
{"event_id":"2fcf8cfa-9e5a-43ac-a7fe-d7921c99ca2a","level":"info","msg":"Fetching projects for manager","role":"manager","source":"project-server","time":"2024-11-29T11:23:42Z","timestamp":"2024-11-29T11:23:42Z","user_id":"674998d521442d190041e800"}
{"event_id":"0a02b6a0-198b-4d96-999b-aa50251e4f03","level":"info","msg":"Successfully fetched projects for user","role":"manager","source":"project-server","time":"2024-11-29T11:23:42Z","timestamp":"2024-11-29T11:23:42Z","user_id":"674998d521442d190041e800"}
{"event_id":"6a59d77f-0a57-448b-948e-9addf46f17d5","level":"info","msg":"Fetching project by ID","project_id":"6749990ecca9348d6747fd82","source":"project-server","time":"2024-11-29T11:23:44Z","timestamp":"2024-11-29T11:23:44Z"}
{"event_id":"6ba35196-f139-479e-ac32-1bc5db7f2288","level":"info","msg":"Successfully retrieved project","project_id":"6749990ecca9348d6747fd82","source":"project-server","time":"2024-11-29T11:23:44Z","timestamp":"2024-11-29T11:23:44Z"}
{"event_id":"3c62d8fc-02a0-467e-a681-403a567d87c5","level":"info","msg":"Fetching project by ID","project_id":"6749990ecca9348d6747fd82","source":"project-server","time":"2024-11-29T11:23:44Z","timestamp":"2024-11-29T11:23:44Z"}
{"event_id":"1a80b0e0-cfd9-4ecc-8d31-1de01003a5a3","level":"info","msg":"Successfully retrieved project","project_id":"6749990ecca9348d6747fd82","source":"project-server","time":"2024-11-29T11:23:44Z","timestamp":"2024-11-29T11:23:44Z"}
{"event_id":"b50048e7-dda2-454a-8744-a5efc6918c8a","level":"info","msg":"Processing request for user ID","role":"manager","source":"project-server","time":"2024-11-29T11:29:29Z","timestamp":"2024-11-29T11:29:29Z","user_id":"674998d521442d190041e800"}
{"event_id":"36d5c43c-745c-4faf-8bb8-629b64851776","level":"info","msg":"Fetching projects for manager","role":"manager","source":"project-server","time":"2024-11-29T11:29:29Z","timestamp":"2024-11-29T11:29:29Z","user_id":"674998d521442d190041e800"}
{"event_id":"ef8b61fb-b0f6-410c-8890-741256e367a1","level":"info","msg":"Successfully fetched projects for user","role":"manager","source":"project-server","time":"2024-11-29T11:29:29Z","timestamp":"2024-11-29T11:29:29Z","user_id":"674998d521442d190041e800"}
{"event_id":"0642a76b-88b3-4fbe-916a-619c1f6db41e","level":"info","msg":"Processing request for user ID","role":"manager","source":"project-server","time":"2024-11-29T11:29:29Z","timestamp":"2024-11-29T11:29:29Z","user_id":"674998d521442d190041e800"}
{"event_id":"56a61400-3057-45b4-a9af-44432a336834","level":"info","msg":"Fetching projects for manager","role":"manager","source":"project-server","time":"2024-11-29T11:29:29Z","timestamp":"2024-11-29T11:29:29Z","user_id":"674998d521442d190041e800"}
{"event_id":"8a715373-a116-4d19-813d-e8cad6574217","level":"info","msg":"Successfully fetched projects for user","role":"manager","source":"project-server","time":"2024-11-29T11:29:29Z","timestamp":"2024-11-29T11:29:29Z","user_id":"674998d521442d190041e800"}
{"event_id":"d36c172f-9c8f-42fd-9c6b-a65be7406c8c","level":"info","msg":"Fetching project by ID","project_id":"6749990ecca9348d6747fd82","source":"project-server","time":"2024-11-29T11:29:30Z","timestamp":"2024-11-29T11:29:30Z"}
{"event_id":"6c6a076b-3189-4b0f-a2dd-fb2592d6e0e7","level":"info","msg":"Successfully retrieved project","project_id":"6749990ecca9348d6747fd82","source":"project-server","time":"2024-11-29T11:29:30Z","timestamp":"2024-11-29T11:29:30Z"}
{"event_id":"7ffc0bb4-29f9-46af-a1b1-c11a091dfab7","level":"info","msg":"Fetching project by ID","project_id":"6749990ecca9348d6747fd82","source":"project-server","time":"2024-11-29T11:29:30Z","timestamp":"2024-11-29T11:29:30Z"}
{"event_id":"0749ea30-45ab-4cc1-afb7-4c644bbcca10","level":"info","msg":"Successfully retrieved project","project_id":"6749990ecca9348d6747fd82","source":"project-server","time":"2024-11-29T11:29:30Z","timestamp":"2024-11-29T11:29:30Z"}
{"event_id":"b1a0bb56-055b-498c-bcec-9f7e96152692","level":"info","msg":"Processing request for user ID","role":"manager","source":"project-server","time":"2024-11-29T11:35:08Z","timestamp":"2024-11-29T11:35:08Z","user_id":"674998d521442d190041e800"}
{"event_id":"e2b65f35-8bfa-4316-b161-500c1c15ce08","level":"info","msg":"Fetching projects for manager","role":"manager","source":"project-server","time":"2024-11-29T11:35:08Z","timestamp":"2024-11-29T11:35:08Z","user_id":"674998d521442d190041e800"}
{"event_id":"fd71ba0c-e2dd-4955-a9d7-5f8efe461cf4","level":"info","msg":"Successfully fetched projects for user","role":"manager","source":"project-server","time":"2024-11-29T11:35:08Z","timestamp":"2024-11-29T11:35:08Z","user_id":"674998d521442d190041e800"}
{"event_id":"b3fa8dc4-d040-4329-84eb-73512c26276c","level":"info","msg":"Processing request for user ID","role":"manager","source":"project-server","time":"2024-11-29T11:35:08Z","timestamp":"2024-11-29T11:35:08Z","user_id":"674998d521442d190041e800"}
{"event_id":"e574235a-30fe-4664-a5f4-7e5fe18a67ef","level":"info","msg":"Fetching projects for manager","role":"manager","source":"project-server","time":"2024-11-29T11:35:08Z","timestamp":"2024-11-29T11:35:08Z","user_id":"674998d521442d190041e800"}
{"event_id":"b2f35ac6-1963-4912-9d8e-5c3eea79bd88","level":"info","msg":"Successfully fetched projects for user","role":"manager","source":"project-server","time":"2024-11-29T11:35:08Z","timestamp":"2024-11-29T11:35:08Z","user_id":"674998d521442d190041e800"}
{"event_id":"40c716c9-b142-44e0-9459-6cc6f62f5cf8","level":"info","msg":"Fetching project by ID","project_id":"6749990ecca9348d6747fd82","source":"project-server","time":"2024-11-29T11:35:10Z","timestamp":"2024-11-29T11:35:10Z"}
{"event_id":"0f48a745-59a3-44f0-9aa7-711da2fe0157","level":"info","msg":"Successfully retrieved project","project_id":"6749990ecca9348d6747fd82","source":"project-server","time":"2024-11-29T11:35:10Z","timestamp":"2024-11-29T11:35:10Z"}
{"event_id":"73ccb389-83e1-47ab-9d53-e3419239f1b2","level":"info","msg":"Fetching project by ID","project_id":"6749990ecca9348d6747fd82","source":"project-server","time":"2024-11-29T11:35:11Z","timestamp":"2024-11-29T11:35:11Z"}
{"event_id":"77f702e8-5008-46f0-ba77-719586def331","level":"info","msg":"Successfully retrieved project","project_id":"6749990ecca9348d6747fd82","source":"project-server","time":"2024-11-29T11:35:11Z","timestamp":"2024-11-29T11:35:11Z"}
{"event_id":"89c31315-12a2-4e32-abaa-4a06a3b437c3","level":"info","msg":"Processing request for user ID","role":"manager","source":"project-server","time":"2024-11-29T13:12:56Z","timestamp":"2024-11-29T13:12:56Z","user_id":"6749bda06925c91bd70e6cf2"}
{"event_id":"f4c9953d-5215-4115-abc5-9511449e4726","level":"info","msg":"Fetching projects for manager","role":"manager","source":"project-server","time":"2024-11-29T13:12:56Z","timestamp":"2024-11-29T13:12:56Z","user_id":"6749bda06925c91bd70e6cf2"}
{"event_id":"0095a148-5b12-437a-9b98-82e6f6843952","level":"info","msg":"Processing request for user ID","role":"manager","source":"project-server","time":"2024-11-29T13:12:56Z","timestamp":"2024-11-29T13:12:56Z","user_id":"6749bda06925c91bd70e6cf2"}
{"event_id":"cae94f45-6538-4d07-90ce-4d04600aa6d1","level":"info","msg":"Fetching projects for manager","role":"manager","source":"project-server","time":"2024-11-29T13:12:56Z","timestamp":"2024-11-29T13:12:56Z","user_id":"6749bda06925c91bd70e6cf2"}
{"event_id":"9df10d20-2871-4f3d-b965-dee17ddd72cf","level":"warning","msg":"No projects found for user","role":"manager","source":"project-server","time":"2024-11-29T13:12:56Z","timestamp":"2024-11-29T13:12:56Z","user_id":"6749bda06925c91bd70e6cf2"}
{"event_id":"c4487312-e7e8-469f-a0f3-4ce17ea4d593","level":"warning","msg":"No projects found for user","role":"manager","source":"project-server","time":"2024-11-29T13:12:56Z","timestamp":"2024-11-29T13:12:56Z","user_id":"6749bda06925c91bd70e6cf2"}
{"event_id":"44100a00-6f68-4467-a353-ae0853031e99","level":"info","msg":"Received project for insertion","project_id":"000000000000000000000000","project_name":"new pr","source":"project-server","time":"2024-11-29T13:13:10Z","timestamp":"2024-11-29T13:13:10Z"}
{"event_id":"baea56ff-c25b-4905-bdb9-02f7290dfbe2","level":"info","msg":"Successfully create project","project_id":"000000000000000000000000","project_name":"new pr","source":"project-server","time":"2024-11-29T13:13:10Z","timestamp":"2024-11-29T13:13:10Z"}
{"event_id":"f8b0747d-e295-44ab-8469-d2cefe945370","level":"info","msg":"Processing request for user ID","role":"manager","source":"project-server","time":"2024-11-29T13:13:10Z","timestamp":"2024-11-29T13:13:10Z","user_id":"6749bda06925c91bd70e6cf2"}
{"event_id":"b6a67bee-8c5a-425c-8172-18b56cb6fbca","level":"info","msg":"Fetching projects for manager","role":"manager","source":"project-server","time":"2024-11-29T13:13:10Z","timestamp":"2024-11-29T13:13:10Z","user_id":"6749bda06925c91bd70e6cf2"}
{"event_id":"3a9836d8-a695-4927-b1d8-baf622703ba8","level":"info","msg":"Successfully fetched projects for user","role":"manager","source":"project-server","time":"2024-11-29T13:13:10Z","timestamp":"2024-11-29T13:13:10Z","user_id":"6749bda06925c91bd70e6cf2"}
{"event_id":"ef910fe9-e049-4f08-9793-65e15f9a97ba","level":"info","msg":"Fetching project by ID","project_id":"6749bde6db2220dacfb9c7ea","source":"project-server","time":"2024-11-29T13:13:22Z","timestamp":"2024-11-29T13:13:22Z"}
{"event_id":"b8d47c64-5ab9-482a-8335-603b89fd5c30","level":"info","msg":"Successfully retrieved project","project_id":"6749bde6db2220dacfb9c7ea","source":"project-server","time":"2024-11-29T13:13:22Z","timestamp":"2024-11-29T13:13:22Z"}
{"event_id":"b85bac8b-8976-46b2-816d-a0554e61aed1","level":"info","msg":"Processing request for user ID","role":"manager","source":"project-server","time":"2024-11-29T13:13:24Z","timestamp":"2024-11-29T13:13:24Z","user_id":"6749bda06925c91bd70e6cf2"}
{"event_id":"67c84b50-252d-46e3-b752-9e2878fb18b4","level":"info","msg":"Fetching projects for manager","role":"manager","source":"project-server","time":"2024-11-29T13:13:24Z","timestamp":"2024-11-29T13:13:24Z","user_id":"6749bda06925c91bd70e6cf2"}
{"event_id":"40c302ed-81c3-4417-bf95-ba4e4bc6e3a7","level":"info","msg":"Successfully fetched projects for user","role":"manager","source":"project-server","time":"2024-11-29T13:13:24Z","timestamp":"2024-11-29T13:13:24Z","user_id":"6749bda06925c91bd70e6cf2"}
{"event_id":"35258c0e-8d0f-47e7-9cac-ddcc0ef4034d","level":"info","msg":"Processing request for user ID","role":"manager","source":"project-server","time":"2024-11-29T13:13:24Z","timestamp":"2024-11-29T13:13:24Z","user_id":"6749bda06925c91bd70e6cf2"}
{"event_id":"57ba8676-e62f-4a19-8153-a5d0135620bc","level":"info","msg":"Fetching projects for manager","role":"manager","source":"project-server","time":"2024-11-29T13:13:24Z","timestamp":"2024-11-29T13:13:24Z","user_id":"6749bda06925c91bd70e6cf2"}
{"event_id":"15ebd210-2cd5-4743-aec2-4804ab62418b","level":"info","msg":"Successfully fetched projects for user","role":"manager","source":"project-server","time":"2024-11-29T13:13:24Z","timestamp":"2024-11-29T13:13:24Z","user_id":"6749bda06925c91bd70e6cf2"}
{"event_id":"8ce90cba-4965-40db-812c-538c7cba44da","level":"info","msg":"Processing request for user ID","role":"manager","source":"project-server","time":"2024-11-29T13:14:46Z","timestamp":"2024-11-29T13:14:46Z","user_id":"6749bda06925c91bd70e6cf2"}
{"event_id":"a1196c1c-039c-4e06-912e-07c21d05ae26","level":"info","msg":"Fetching projects for manager","role":"manager","source":"project-server","time":"2024-11-29T13:14:46Z","timestamp":"2024-11-29T13:14:46Z","user_id":"6749bda06925c91bd70e6cf2"}
{"event_id":"30aebf20-2e74-4f76-9a89-86ff141a6313","level":"info","msg":"Successfully fetched projects for user","role":"manager","source":"project-server","time":"2024-11-29T13:14:46Z","timestamp":"2024-11-29T13:14:46Z","user_id":"6749bda06925c91bd70e6cf2"}
{"event_id":"a06c8ee6-b79f-4b59-a192-b443e4e23baf","level":"info","msg":"Processing request for user ID","role":"manager","source":"project-server","time":"2024-11-29T13:14:46Z","timestamp":"2024-11-29T13:14:46Z","user_id":"6749bda06925c91bd70e6cf2"}
{"event_id":"1ecc398e-ed2b-463e-ab68-5be77cb82854","level":"info","msg":"Fetching projects for manager","role":"manager","source":"project-server","time":"2024-11-29T13:14:46Z","timestamp":"2024-11-29T13:14:46Z","user_id":"6749bda06925c91bd70e6cf2"}
{"event_id":"94da2971-bf71-4f59-ac90-01229922f26b","level":"info","msg":"Successfully fetched projects for user","role":"manager","source":"project-server","time":"2024-11-29T13:14:46Z","timestamp":"2024-11-29T13:14:46Z","user_id":"6749bda06925c91bd70e6cf2"}
{"event_id":"fdd190fc-a95f-44ae-9fae-9aa3e52a16f2","level":"info","msg":"Fetching project by ID","project_id":"6749bde6db2220dacfb9c7ea","source":"project-server","time":"2024-11-29T13:14:48Z","timestamp":"2024-11-29T13:14:48Z"}
{"event_id":"43692931-b9c4-4041-85b8-bc9109ff7bc4","level":"info","msg":"Successfully retrieved project","project_id":"6749bde6db2220dacfb9c7ea","source":"project-server","time":"2024-11-29T13:14:48Z","timestamp":"2024-11-29T13:14:48Z"}
{"event_id":"7152e256-cc0a-48d7-be41-4e14857a628b","level":"info","msg":"Fetching project by ID","project_id":"6749bde6db2220dacfb9c7ea","source":"project-server","time":"2024-11-29T13:14:48Z","timestamp":"2024-11-29T13:14:48Z"}
{"event_id":"bdb7e585-9304-4fc2-a22a-dbce62cbdedf","level":"info","msg":"Successfully retrieved project","project_id":"6749bde6db2220dacfb9c7ea","source":"project-server","time":"2024-11-29T13:14:48Z","timestamp":"2024-11-29T13:14:48Z"}
{"event_id":"0ebfac08-4e00-42c1-b34f-2331a4118563","level":"info","msg":"Fetching project by ID","project_id":"6749bde6db2220dacfb9c7ea","source":"project-server","time":"2024-11-29T13:15:02Z","timestamp":"2024-11-29T13:15:02Z"}
{"event_id":"2337beb7-e4ae-453a-bc73-c4c5f537a890","level":"info","msg":"Successfully retrieved project","project_id":"6749bde6db2220dacfb9c7ea","source":"project-server","time":"2024-11-29T13:15:02Z","timestamp":"2024-11-29T13:15:02Z"}
{"event_id":"2dbc6c8c-b4a2-4e3c-a18a-5866fe67c4f9","level":"info","msg":"Fetching project by ID","project_id":"6749bde6db2220dacfb9c7ea","source":"project-server","time":"2024-11-29T13:15:02Z","timestamp":"2024-11-29T13:15:02Z"}
{"event_id":"4e33442a-7c9d-49fc-9540-ed046ca851c2","level":"info","msg":"Successfully retrieved project","project_id":"6749bde6db2220dacfb9c7ea","source":"project-server","time":"2024-11-29T13:15:02Z","timestamp":"2024-11-29T13:15:02Z"}
{"event_id":"5ed20cc3-fa3a-4dc7-8d59-7af7df93bf07","level":"info","msg":"Messages sent to NATS for added users","project_id":"6749bde6db2220dacfb9c7ea","source":"project-server","time":"2024-11-29T13:15:14Z","timestamp":"2024-11-29T13:15:14Z","user_ids":["6749bdff6925c91bd70e6cf3"]}
{"event_id":"05cc3f2e-2374-4d6d-95b9-dff13d67074a","level":"info","msg":"Fetching project by ID","project_id":"6749bde6db2220dacfb9c7ea","source":"project-server","time":"2024-11-29T13:15:25Z","timestamp":"2024-11-29T13:15:25Z"}
{"event_id":"693770a6-3b13-4941-950c-6fadb546aa90","level":"info","msg":"Successfully retrieved project","project_id":"6749bde6db2220dacfb9c7ea","source":"project-server","time":"2024-11-29T13:15:25Z","timestamp":"2024-11-29T13:15:25Z"}
{"event_id":"536f0156-5e72-46ac-8baf-33596eb8ca41","level":"info","msg":"Fetching project by ID","project_id":"6749bde6db2220dacfb9c7ea","source":"project-server","time":"2024-11-29T13:15:25Z","timestamp":"2024-11-29T13:15:25Z"}
{"event_id":"e8ecdd13-2bea-413f-acab-3f394879f131","level":"info","msg":"Successfully retrieved project","project_id":"6749bde6db2220dacfb9c7ea","source":"project-server","time":"2024-11-29T13:15:25Z","timestamp":"2024-11-29T13:15:25Z"}
{"event_id":"8bd8eae4-1a0e-4648-bb28-86c246ecf39a","level":"info","msg":"Fetching project by ID","project_id":"6749bde6db2220dacfb9c7ea","source":"project-server","time":"2024-11-29T13:18:42Z","timestamp":"2024-11-29T13:18:42Z"}
{"event_id":"cf894c21-489f-400c-8809-dc974f3681bc","level":"info","msg":"Successfully retrieved project","project_id":"6749bde6db2220dacfb9c7ea","source":"project-server","time":"2024-11-29T13:18:42Z","timestamp":"2024-11-29T13:18:42Z"}
{"event_id":"2109dbf8-fb32-4dd2-864d-0bb74bd18a92","level":"info","msg":"Fetching project by ID","project_id":"6749bde6db2220dacfb9c7ea","source":"project-server","time":"2024-11-29T13:18:42Z","timestamp":"2024-11-29T13:18:42Z"}
{"event_id":"a3a57dbf-fd66-4dab-8428-c50790efeb21","level":"info","msg":"Successfully retrieved project","project_id":"6749bde6db2220dacfb9c7ea","source":"project-server","time":"2024-11-29T13:18:42Z","timestamp":"2024-11-29T13:18:42Z"}
{"event_id":"d9bd371a-d12e-44c5-b177-147bbba90429","level":"info","msg":"Processing request for user ID","role":"manager","source":"project-server","time":"2024-11-29T13:20:18Z","timestamp":"2024-11-29T13:20:18Z","user_id":"6749bda06925c91bd70e6cf2"}
{"event_id":"ba771d35-ff91-41b3-bd77-b43b34c43bc3","level":"info","msg":"Fetching projects for manager","role":"manager","source":"project-server","time":"2024-11-29T13:20:18Z","timestamp":"2024-11-29T13:20:18Z","user_id":"6749bda06925c91bd70e6cf2"}
{"event_id":"9b81a73a-d5ca-498a-9413-aaa396c0ed14","level":"info","msg":"Successfully fetched projects for user","role":"manager","source":"project-server","time":"2024-11-29T13:20:18Z","timestamp":"2024-11-29T13:20:18Z","user_id":"6749bda06925c91bd70e6cf2"}
{"event_id":"65755b31-f1e4-4ebc-83d4-6e1bb76d5d12","level":"info","msg":"Processing request for user ID","role":"manager","source":"project-server","time":"2024-11-29T13:20:18Z","timestamp":"2024-11-29T13:20:18Z","user_id":"6749bda06925c91bd70e6cf2"}
{"event_id":"7eb7bea7-0401-452c-8116-0e2dd3c85b4b","level":"info","msg":"Fetching projects for manager","role":"manager","source":"project-server","time":"2024-11-29T13:20:18Z","timestamp":"2024-11-29T13:20:18Z","user_id":"6749bda06925c91bd70e6cf2"}
{"event_id":"733c070c-c1a7-441b-8ff8-adeec575e5ea","level":"info","msg":"Successfully fetched projects for user","role":"manager","source":"project-server","time":"2024-11-29T13:20:18Z","timestamp":"2024-11-29T13:20:18Z","user_id":"6749bda06925c91bd70e6cf2"}
{"event_id":"314fd309-07b7-4890-a32b-77002e21d415","level":"info","msg":"Fetching project by ID","project_id":"6749bde6db2220dacfb9c7ea","source":"project-server","time":"2024-11-29T13:20:19Z","timestamp":"2024-11-29T13:20:19Z"}
{"event_id":"e6b614f0-d494-4c56-8f72-093c396ab65a","level":"info","msg":"Successfully retrieved project","project_id":"6749bde6db2220dacfb9c7ea","source":"project-server","time":"2024-11-29T13:20:19Z","timestamp":"2024-11-29T13:20:19Z"}
{"event_id":"00879870-706e-477c-bfee-07f7bc53b06c","level":"info","msg":"Fetching project by ID","project_id":"6749bde6db2220dacfb9c7ea","source":"project-server","time":"2024-11-29T13:20:20Z","timestamp":"2024-11-29T13:20:20Z"}
{"event_id":"6cd9b92f-358e-469e-8725-7d02bbac2268","level":"info","msg":"Successfully retrieved project","project_id":"6749bde6db2220dacfb9c7ea","source":"project-server","time":"2024-11-29T13:20:20Z","timestamp":"2024-11-29T13:20:20Z"}
{"event_id":"485f382f-4199-450a-8226-a9f852259375","level":"info","msg":"Fetching project by ID","project_id":"6749bde6db2220dacfb9c7ea","source":"project-server","time":"2024-11-29T13:24:04Z","timestamp":"2024-11-29T13:24:04Z"}
{"event_id":"a9ebd4a5-f2e2-497d-b614-c21aaf0d55df","level":"info","msg":"Successfully retrieved project","project_id":"6749bde6db2220dacfb9c7ea","source":"project-server","time":"2024-11-29T13:24:04Z","timestamp":"2024-11-29T13:24:04Z"}
{"event_id":"486d3b2d-a68f-41f1-b942-e1c45d679ef7","level":"info","msg":"Fetching project by ID","project_id":"6749bde6db2220dacfb9c7ea","source":"project-server","time":"2024-11-29T13:24:04Z","timestamp":"2024-11-29T13:24:04Z"}
{"event_id":"0e1067ec-10fe-4653-9121-c52f52ad7f21","level":"info","msg":"Successfully retrieved project","project_id":"6749bde6db2220dacfb9c7ea","source":"project-server","time":"2024-11-29T13:24:04Z","timestamp":"2024-11-29T13:24:04Z"}
{"event_id":"aaae1937-6a96-4fac-b267-6a8bf1857c63","level":"info","msg":"Processing request for user ID","role":"manager","source":"project-server","time":"2024-11-29T13:26:10Z","timestamp":"2024-11-29T13:26:10Z","user_id":"6749bda06925c91bd70e6cf2"}
{"event_id":"0ab2fef3-ad51-4ffd-877b-531a0b4c7a91","level":"info","msg":"Fetching projects for manager","role":"manager","source":"project-server","time":"2024-11-29T13:26:10Z","timestamp":"2024-11-29T13:26:10Z","user_id":"6749bda06925c91bd70e6cf2"}
{"event_id":"f5d80675-ea0b-40ed-a388-d43a2ad9df19","level":"info","msg":"Successfully fetched projects for user","role":"manager","source":"project-server","time":"2024-11-29T13:26:10Z","timestamp":"2024-11-29T13:26:10Z","user_id":"6749bda06925c91bd70e6cf2"}
{"event_id":"e4f3bc71-a115-4779-958d-85a4018a79ec","level":"info","msg":"Processing request for user ID","role":"manager","source":"project-server","time":"2024-11-29T13:26:10Z","timestamp":"2024-11-29T13:26:10Z","user_id":"6749bda06925c91bd70e6cf2"}
{"event_id":"05ae27ec-13d6-4471-941b-de3b802cede0","level":"info","msg":"Fetching projects for manager","role":"manager","source":"project-server","time":"2024-11-29T13:26:10Z","timestamp":"2024-11-29T13:26:10Z","user_id":"6749bda06925c91bd70e6cf2"}
{"event_id":"5f6b5b7f-bf9d-4510-8cbc-eca8e709eb66","level":"info","msg":"Successfully fetched projects for user","role":"manager","source":"project-server","time":"2024-11-29T13:26:10Z","timestamp":"2024-11-29T13:26:10Z","user_id":"6749bda06925c91bd70e6cf2"}
{"event_id":"6901340f-9f62-4ce2-87bf-f4b288564bcb","level":"info","msg":"Fetching project by ID","project_id":"6749bde6db2220dacfb9c7ea","source":"project-server","time":"2024-11-29T13:26:11Z","timestamp":"2024-11-29T13:26:11Z"}
{"event_id":"fe7b00a4-6d80-4075-98b0-a76b84124573","level":"info","msg":"Successfully retrieved project","project_id":"6749bde6db2220dacfb9c7ea","source":"project-server","time":"2024-11-29T13:26:11Z","timestamp":"2024-11-29T13:26:11Z"}
{"event_id":"f6ce2f9d-4d8b-4ed0-b8fd-655d0ff3df5a","level":"info","msg":"Fetching project by ID","project_id":"6749bde6db2220dacfb9c7ea","source":"project-server","time":"2024-11-29T13:26:11Z","timestamp":"2024-11-29T13:26:11Z"}
{"event_id":"064d1871-e59c-4a64-b284-96b9713ac889","level":"info","msg":"Successfully retrieved project","project_id":"6749bde6db2220dacfb9c7ea","source":"project-server","time":"2024-11-29T13:26:11Z","timestamp":"2024-11-29T13:26:11Z"}
{"event_id":"4767c582-610e-4fcd-8861-5c76743206d5","level":"info","msg":"Processing request for user ID","role":"manager","source":"project-server","time":"2024-11-29T13:35:48Z","timestamp":"2024-11-29T13:35:48Z","user_id":"6749bda06925c91bd70e6cf2"}
{"event_id":"ea5056d8-29ab-450b-94a7-8a04e5668a7e","level":"info","msg":"Fetching projects for manager","role":"manager","source":"project-server","time":"2024-11-29T13:35:48Z","timestamp":"2024-11-29T13:35:48Z","user_id":"6749bda06925c91bd70e6cf2"}
{"event_id":"c9941bf6-9ae0-475f-abbc-eebc05044e12","level":"info","msg":"Successfully fetched projects for user","role":"manager","source":"project-server","time":"2024-11-29T13:35:48Z","timestamp":"2024-11-29T13:35:48Z","user_id":"6749bda06925c91bd70e6cf2"}
{"event_id":"07986f55-d0ab-4d64-9d42-69b9f94ae857","level":"info","msg":"Processing request for user ID","role":"manager","source":"project-server","time":"2024-11-29T13:35:48Z","timestamp":"2024-11-29T13:35:48Z","user_id":"6749bda06925c91bd70e6cf2"}
{"event_id":"b959902f-c66f-4f01-80fe-4d3e402152b0","level":"info","msg":"Fetching projects for manager","role":"manager","source":"project-server","time":"2024-11-29T13:35:48Z","timestamp":"2024-11-29T13:35:48Z","user_id":"6749bda06925c91bd70e6cf2"}
{"event_id":"931dec52-c560-4928-bd9d-9473e0b4d73c","level":"info","msg":"Successfully fetched projects for user","role":"manager","source":"project-server","time":"2024-11-29T13:35:48Z","timestamp":"2024-11-29T13:35:48Z","user_id":"6749bda06925c91bd70e6cf2"}
{"event_id":"5fac7f82-2930-475d-8687-0c54d2b70483","level":"info","msg":"Fetching project by ID","project_id":"6749bde6db2220dacfb9c7ea","source":"project-server","time":"2024-11-29T13:35:49Z","timestamp":"2024-11-29T13:35:49Z"}
{"event_id":"c5bc895b-6495-4b37-bf33-7857f3628b40","level":"info","msg":"Successfully retrieved project","project_id":"6749bde6db2220dacfb9c7ea","source":"project-server","time":"2024-11-29T13:35:49Z","timestamp":"2024-11-29T13:35:49Z"}
{"event_id":"91315294-04c8-4fe5-b20f-8265a1d1c2da","level":"info","msg":"Fetching project by ID","project_id":"6749bde6db2220dacfb9c7ea","source":"project-server","time":"2024-11-29T13:35:49Z","timestamp":"2024-11-29T13:35:49Z"}
{"event_id":"7c91b5ef-d676-4738-9e0a-b9630e71634f","level":"info","msg":"Successfully retrieved project","project_id":"6749bde6db2220dacfb9c7ea","source":"project-server","time":"2024-11-29T13:35:49Z","timestamp":"2024-11-29T13:35:49Z"}
{"event_id":"281279b2-b058-4959-a7bc-3f9405f5bd8a","level":"info","msg":"Processing request for user ID","role":"manager","source":"project-server","time":"2024-11-29T13:43:42Z","timestamp":"2024-11-29T13:43:42Z","user_id":"6749bda06925c91bd70e6cf2"}
{"event_id":"4ba2cbe1-4198-47ba-b096-65e72dcb344d","level":"info","msg":"Fetching projects for manager","role":"manager","source":"project-server","time":"2024-11-29T13:43:42Z","timestamp":"2024-11-29T13:43:42Z","user_id":"6749bda06925c91bd70e6cf2"}
{"event_id":"0c6b94bb-50e7-44e5-9151-f4441dcd92f5","level":"info","msg":"Successfully fetched projects for user","role":"manager","source":"project-server","time":"2024-11-29T13:43:42Z","timestamp":"2024-11-29T13:43:42Z","user_id":"6749bda06925c91bd70e6cf2"}
{"event_id":"ddf9821c-7eaf-44bc-bdd8-17742a6aab3d","level":"info","msg":"Processing request for user ID","role":"manager","source":"project-server","time":"2024-11-29T13:43:42Z","timestamp":"2024-11-29T13:43:42Z","user_id":"6749bda06925c91bd70e6cf2"}
{"event_id":"1a8983e4-dae4-4eca-9aea-63455dc271f7","level":"info","msg":"Fetching projects for manager","role":"manager","source":"project-server","time":"2024-11-29T13:43:42Z","timestamp":"2024-11-29T13:43:42Z","user_id":"6749bda06925c91bd70e6cf2"}
{"event_id":"19de2ec9-c258-43a7-b693-fbcd04e45f97","level":"info","msg":"Successfully fetched projects for user","role":"manager","source":"project-server","time":"2024-11-29T13:43:42Z","timestamp":"2024-11-29T13:43:42Z","user_id":"6749bda06925c91bd70e6cf2"}
{"event_id":"67bbf5fd-723b-4c01-bd43-3153430b864f","level":"info","msg":"Fetching project by ID","project_id":"6749bde6db2220dacfb9c7ea","source":"project-server","time":"2024-11-29T13:43:44Z","timestamp":"2024-11-29T13:43:44Z"}
{"event_id":"ac73de7c-6e94-4e35-9f27-8d9456578c41","level":"info","msg":"Successfully retrieved project","project_id":"6749bde6db2220dacfb9c7ea","source":"project-server","time":"2024-11-29T13:43:44Z","timestamp":"2024-11-29T13:43:44Z"}
{"event_id":"51985f04-f760-4b71-999f-07f21444f75b","level":"info","msg":"Fetching project by ID","project_id":"6749bde6db2220dacfb9c7ea","source":"project-server","time":"2024-11-29T13:43:44Z","timestamp":"2024-11-29T13:43:44Z"}
{"event_id":"f5a9031f-bc02-4939-bb17-7daeb10f03ff","level":"info","msg":"Successfully retrieved project","project_id":"6749bde6db2220dacfb9c7ea","source":"project-server","time":"2024-11-29T13:43:44Z","timestamp":"2024-11-29T13:43:44Z"}
