{"event_id":"48e2674f-c570-4086-acba-3a448d6985d6","level":"info","msg":"Received GET request for /tasksDetails/674b31116c65a3fe1f6ce1ea","source":"task-server","time":"2024-12-02T19:55:12Z","timestamp":"2024-12-02T19:55:12Z"}
{"event_id":"8890e064-1f22-414c-b6f7-a61066a00f3c","level":"info","msg":"Received GET request for /tasks/674b31116c65a3fe1f6ce1ea","source":"task-server","time":"2024-12-02T19:55:12Z","timestamp":"2024-12-02T19:55:12Z"}
{"event_id":"876ff2db-dc37-4d3f-a9cb-8c0bab815a6e","level":"info","msg":"Authorization token found in cookie","source":"task-server","time":"2024-12-02T19:55:12Z","timestamp":"2024-12-02T19:55:12Z"}
{"event_id":"eee0aeb7-9910-474f-a148-d61bca089401","level":"info","msg":"Authorization token found in cookie","source":"task-server","time":"2024-12-02T19:55:12Z","timestamp":"2024-12-02T19:55:12Z"}
{"event_id":"d5b9f9ee-b308-4b3d-8114-fc49db40f267","level":"info","msg":"Sending token validation request to https://user-server:8080/validate-token","source":"task-server","time":"2024-12-02T19:55:12Z","timestamp":"2024-12-02T19:55:12Z"}
{"event_id":"61d6d9f3-ff36-46ea-ac47-87c106a62c4f","level":"info","msg":"Sending token validation request to https://user-server:8080/validate-token","source":"task-server","time":"2024-12-02T19:55:12Z","timestamp":"2024-12-02T19:55:12Z"}
{"event_id":"15c2f41d-3ddc-4214-96a3-faed424f0c9c","level":"info","msg":"Token validated successfully","role":"manager","source":"task-server","time":"2024-12-02T19:55:12Z","timestamp":"2024-12-02T19:55:12Z","userID":"67411ded8c20cc34ca06caa7"}
{"event_id":"3e3d7b17-d883-4df4-9e2d-6f20d39419ce","level":"info","msg":"Token verified successfully","role":"manager","source":"task-server","time":"2024-12-02T19:55:12Z","timestamp":"2024-12-02T19:55:12Z","userID":"67411ded8c20cc34ca06caa7"}
{"event_id":"d8df1137-9397-4f99-8eeb-4da9e23014f1","level":"info","msg":"Context updated with user ID and role, proceeding to next handler","role":"manager","source":"task-server","time":"2024-12-02T19:55:12Z","timestamp":"2024-12-02T19:55:12Z","userID":"67411ded8c20cc34ca06caa7"}
{"event_id":"4f45a0d9-46f3-41f4-bd81-474008ab7dc1","level":"info","msg":"Token validated successfully","role":"manager","source":"task-server","time":"2024-12-02T19:55:12Z","timestamp":"2024-12-02T19:55:12Z","userID":"67411ded8c20cc34ca06caa7"}
{"event_id":"48e00cf3-5333-4600-8f5d-c18814257b13","level":"info","msg":"Token verified successfully","role":"manager","source":"task-server","time":"2024-12-02T19:55:12Z","timestamp":"2024-12-02T19:55:12Z","userID":"67411ded8c20cc34ca06caa7"}
{"event_id":"6a373ab0-6818-487d-bc9e-9429d169e550","level":"info","msg":"Context updated with user ID and role, proceeding to next handler","role":"manager","source":"task-server","time":"2024-12-02T19:55:12Z","timestamp":"2024-12-02T19:55:12Z","userID":"67411ded8c20cc34ca06caa7"}
{"event_id":"e60de28d-389e-48c8-9b2d-62b960698c2b","level":"info","msg":"Received GET request for /tasks/674b31116c65a3fe1f6ce1ea","source":"task-server","time":"2024-12-02T19:55:12Z","timestamp":"2024-12-02T19:55:12Z"}
{"event_id":"1ce42239-9df1-4791-a65b-d1ae649b1d81","level":"info","msg":"Extracted project ID from request","projectID":"674b31116c65a3fe1f6ce1ea","source":"task-server","time":"2024-12-02T19:55:12Z","timestamp":"2024-12-02T19:55:12Z"}
{"event_id":"639430ae-92a5-4c24-ab86-1542f66e600f","level":"info","msg":"Received GET request for /tasksDetails/674b31116c65a3fe1f6ce1ea","source":"task-server","time":"2024-12-02T19:55:12Z","timestamp":"2024-12-02T19:55:12Z"}
{"event_id":"69a6fd43-1c9a-45ff-9328-e15e6b302d9c","level":"info","msg":"Extracted project ID from request","projectID":"674b31116c65a3fe1f6ce1ea","source":"task-server","time":"2024-12-02T19:55:12Z","timestamp":"2024-12-02T19:55:12Z"}
{"event_id":"653c2930-33cd-4a48-9d20-cdf62b9f8df7","level":"info","msg":"Authorization token found in cookie","source":"task-server","time":"2024-12-02T19:55:12Z","timestamp":"2024-12-02T19:55:12Z"}
{"event_id":"2c026f89-a23a-4919-895a-2fd374d76742","level":"info","msg":"Tasks fetched successfully","projectID":"674b31116c65a3fe1f6ce1ea","source":"task-server","taskCount":10,"time":"2024-12-02T19:55:12Z","timestamp":"2024-12-02T19:55:12Z"}
{"event_id":"1db8dedb-e8cc-48c2-b415-14fe135f8752","level":"info","msg":"Tasks fetched successfully","projectID":"674b31116c65a3fe1f6ce1ea","source":"task-server","taskCount":10,"time":"2024-12-02T19:55:12Z","timestamp":"2024-12-02T19:55:12Z"}
{"event_id":"880a0522-be86-4de7-a702-d14383b9a2e4","level":"info","msg":"Fetching user details for task","source":"task-server","taskID":"674c9db129fc2aa0ec29f084","time":"2024-12-02T19:55:12Z","timestamp":"2024-12-02T19:55:12Z"}
{"event_id":"df95cf27-f5bd-45e3-a02e-1ed33cfa54a7","level":"info","msg":"Tasks successfully encoded and sent in response","projectID":"674b31116c65a3fe1f6ce1ea","source":"task-server","time":"2024-12-02T19:55:12Z","timestamp":"2024-12-02T19:55:12Z"}
{"event_id":"ddc244f5-4f04-469b-a082-a7f2aa85e9aa","level":"info","msg":"User details fetched successfully","source":"task-server","taskID":"674c9db129fc2aa0ec29f084","time":"2024-12-02T19:55:12Z","timestamp":"2024-12-02T19:55:12Z","userCount":1}
{"event_id":"66d962aa-3ec0-4ff2-af1b-2faadb104116","level":"info","msg":"Fetching user details for task","source":"task-server","taskID":"674c9db729fc2aa0ec29f085","time":"2024-12-02T19:55:12Z","timestamp":"2024-12-02T19:55:12Z"}
{"event_id":"93532213-098d-4be7-87a6-69c1d64c0e75","level":"info","msg":"User details fetched successfully","source":"task-server","taskID":"674c9db729fc2aa0ec29f085","time":"2024-12-02T19:55:12Z","timestamp":"2024-12-02T19:55:12Z","userCount":0}
{"event_id":"4c3c8c9d-c255-48b8-a1a7-0cf06348b5f9","level":"info","msg":"Fetching user details for task","source":"task-server","taskID":"674c9dbc29fc2aa0ec29f086","time":"2024-12-02T19:55:12Z","timestamp":"2024-12-02T19:55:12Z"}
{"event_id":"c0d02089-9f22-4f16-8723-b3d32cc945f4","level":"info","msg":"User details fetched successfully","source":"task-server","taskID":"674c9dbc29fc2aa0ec29f086","time":"2024-12-02T19:55:12Z","timestamp":"2024-12-02T19:55:12Z","userCount":0}
{"event_id":"807fed84-3df8-4c48-bec4-8005ffe42b6b","level":"info","msg":"Fetching user details for task","source":"task-server","taskID":"674c9dc429fc2aa0ec29f087","time":"2024-12-02T19:55:12Z","timestamp":"2024-12-02T19:55:12Z"}
{"event_id":"15595877-8190-4d82-a552-f4d05f1c7cba","level":"info","msg":"User details fetched successfully","source":"task-server","taskID":"674c9dc429fc2aa0ec29f087","time":"2024-12-02T19:55:12Z","timestamp":"2024-12-02T19:55:12Z","userCount":1}
{"event_id":"aaddb3aa-e9c0-479c-aeb5-24aa4058c5e5","level":"info","msg":"Fetching user details for task","source":"task-server","taskID":"674ca7ad841416de8aeb0d9d","time":"2024-12-02T19:55:12Z","timestamp":"2024-12-02T19:55:12Z"}
{"event_id":"0fb733a4-0937-4926-8491-dbde98b6d9bc","level":"info","msg":"User details fetched successfully","source":"task-server","taskID":"674ca7ad841416de8aeb0d9d","time":"2024-12-02T19:55:12Z","timestamp":"2024-12-02T19:55:12Z","userCount":0}
{"event_id":"eacd99db-434c-423f-8293-81c245b47473","level":"info","msg":"Fetching user details for task","source":"task-server","taskID":"674ca7bb841416de8aeb0d9e","time":"2024-12-02T19:55:12Z","timestamp":"2024-12-02T19:55:12Z"}
{"event_id":"351dca0c-db75-43d1-b425-e2743a4ddeed","level":"info","msg":"User details fetched successfully","source":"task-server","taskID":"674ca7bb841416de8aeb0d9e","time":"2024-12-02T19:55:12Z","timestamp":"2024-12-02T19:55:12Z","userCount":1}
{"event_id":"ceee8164-66fc-4510-ac90-63eaa5647961","level":"info","msg":"Fetching user details for task","source":"task-server","taskID":"674cc3e65bcbbbbd924c06a8","time":"2024-12-02T19:55:12Z","timestamp":"2024-12-02T19:55:12Z"}
{"event_id":"3b0eeff2-60ea-4ae9-802e-ca922c653411","level":"info","msg":"User details fetched successfully","source":"task-server","taskID":"674cc3e65bcbbbbd924c06a8","time":"2024-12-02T19:55:12Z","timestamp":"2024-12-02T19:55:12Z","userCount":1}
{"event_id":"7b247c8b-b4e8-4c70-8994-f7d97f490d2d","level":"info","msg":"Fetching user details for task","source":"task-server","taskID":"674ccb2699dae77c2955b8b0","time":"2024-12-02T19:55:12Z","timestamp":"2024-12-02T19:55:12Z"}
{"event_id":"53fdaff5-9797-490b-a9e6-456417079bb2","level":"info","msg":"User details fetched successfully","source":"task-server","taskID":"674ccb2699dae77c2955b8b0","time":"2024-12-02T19:55:12Z","timestamp":"2024-12-02T19:55:12Z","userCount":0}
{"event_id":"86c4b888-f8d6-4182-8428-ebaa29d93c78","level":"info","msg":"Fetching user details for task","source":"task-server","taskID":"674ccb2c99dae77c2955b8b1","time":"2024-12-02T19:55:12Z","timestamp":"2024-12-02T19:55:12Z"}
{"event_id":"c8269308-479c-4a92-9236-b7adad144145","level":"info","msg":"User details fetched successfully","source":"task-server","taskID":"674ccb2c99dae77c2955b8b1","time":"2024-12-02T19:55:12Z","timestamp":"2024-12-02T19:55:12Z","userCount":0}
{"event_id":"e9e2d530-8361-4d4e-822f-cde2a5eb0a92","level":"info","msg":"Fetching user details for task","source":"task-server","taskID":"674ccb3399dae77c2955b8b2","time":"2024-12-02T19:55:12Z","timestamp":"2024-12-02T19:55:12Z"}
{"event_id":"1e169bca-6074-4f1b-9397-64094b4c3e9a","level":"info","msg":"User details fetched successfully","source":"task-server","taskID":"674ccb3399dae77c2955b8b2","time":"2024-12-02T19:55:12Z","timestamp":"2024-12-02T19:55:12Z","userCount":0}
{"event_id":"0ea6a4d9-f86d-41f6-b469-615fa6810d10","level":"info","msg":"Tasks with user details successfully returned in response","projectID":"674b31116c65a3fe1f6ce1ea","source":"task-server","time":"2024-12-02T19:55:12Z","timestamp":"2024-12-02T19:55:12Z"}
{"event_id":"7210992c-3776-4fc0-9004-4557343e8a51","level":"info","msg":"Received POST request for /tasks/check","source":"task-server","time":"2024-12-02T19:55:14Z","timestamp":"2024-12-02T19:55:14Z"}
{"event_id":"cb662e38-721e-47a7-845a-9cd9fe2ab005","level":"info","msg":"Authorization token found in cookie","source":"task-server","time":"2024-12-02T19:55:14Z","timestamp":"2024-12-02T19:55:14Z"}
{"event_id":"5c054679-704b-4545-9277-8607eea76ccd","level":"info","msg":"Sending token validation request to https://user-server:8080/validate-token","source":"task-server","time":"2024-12-02T19:55:14Z","timestamp":"2024-12-02T19:55:14Z"}
{"event_id":"c6b002ba-cabc-4eaa-8136-4e3041316044","level":"info","msg":"Received GET request for /tasks/getUploads/674cc3e65bcbbbbd924c06a8","source":"task-server","time":"2024-12-02T19:55:14Z","timestamp":"2024-12-02T19:55:14Z"}
{"event_id":"c3c52f4f-51ba-4e48-8678-1fc1e5e345ab","level":"info","msg":"Authorization token found in cookie","source":"task-server","time":"2024-12-02T19:55:14Z","timestamp":"2024-12-02T19:55:14Z"}
{"event_id":"e5daadea-4f8d-475a-9f43-e1f13e738c71","level":"info","msg":"Sending token validation request to https://user-server:8080/validate-token","source":"task-server","time":"2024-12-02T19:55:14Z","timestamp":"2024-12-02T19:55:14Z"}
{"event_id":"4bce126f-bcb2-46d3-95f7-2350ff8de3c1","level":"info","msg":"Token validated successfully","role":"manager","source":"task-server","time":"2024-12-02T19:55:14Z","timestamp":"2024-12-02T19:55:14Z","userID":"67411ded8c20cc34ca06caa7"}
{"event_id":"bf1a2fa3-557b-4551-8087-4590e5f48196","level":"info","msg":"Token verified successfully","role":"manager","source":"task-server","time":"2024-12-02T19:55:14Z","timestamp":"2024-12-02T19:55:14Z","userID":"67411ded8c20cc34ca06caa7"}
{"event_id":"dd412c31-fc7a-4c96-a407-08130a7dca87","level":"info","msg":"Context updated with user ID and role, proceeding to next handler","role":"manager","source":"task-server","time":"2024-12-02T19:55:14Z","timestamp":"2024-12-02T19:55:14Z","userID":"67411ded8c20cc34ca06caa7"}
{"event_id":"f096a9d5-78c7-4c04-b8ef-33f7bf0e0a5e","level":"info","msg":"Received request to check if user is part of the task","source":"task-server","time":"2024-12-02T19:55:14Z","timestamp":"2024-12-02T19:55:14Z"}
{"event_id":"a5457468-9800-4029-803a-f29e35eaae37","level":"info","msg":"Task extracted from context successfully","source":"task-server","taskID":"674cc3e65bcbbbbd924c06a8","time":"2024-12-02T19:55:14Z","timestamp":"2024-12-02T19:55:14Z"}
{"event_id":"bf5c6169-6dcb-4249-85b7-53d6351761d0","level":"info","msg":"User ID extracted from context successfully","source":"task-server","time":"2024-12-02T19:55:14Z","timestamp":"2024-12-02T19:55:14Z","userID":"67411ded8c20cc34ca06caa7"}
{"event_id":"951df5bc-31cc-4b30-a797-5a645e65c174","level":"info","msg":"User is not part of the task","source":"task-server","taskID":"674cc3e65bcbbbbd924c06a8","time":"2024-12-02T19:55:14Z","timestamp":"2024-12-02T19:55:14Z","userID":"67411ded8c20cc34ca06caa7"}
{"event_id":"11273032-c25a-476c-adc4-cb403533582f","level":"info","msg":"Token validated successfully","role":"manager","source":"task-server","time":"2024-12-02T19:55:14Z","timestamp":"2024-12-02T19:55:14Z","userID":"67411ded8c20cc34ca06caa7"}
{"event_id":"dac37083-6c80-420d-9ffd-087def8ec182","level":"info","msg":"Token verified successfully","role":"manager","source":"task-server","time":"2024-12-02T19:55:14Z","timestamp":"2024-12-02T19:55:14Z","userID":"67411ded8c20cc34ca06caa7"}
{"event_id":"5ed7008c-e381-435f-a6dd-4300effbf838","level":"info","msg":"Context updated with user ID and role, proceeding to next handler","role":"manager","source":"task-server","time":"2024-12-02T19:55:14Z","timestamp":"2024-12-02T19:55:14Z","userID":"67411ded8c20cc34ca06caa7"}
